#
# There is insufficient memory for the Java Runtime Environment to continue.
# Native memory allocation (malloc) failed to allocate 1057520 bytes for Chunk::new
# Possible reasons:
#   The system is out of physical RAM or swap space
#   The process is running with CompressedOops enabled, and the Java Heap may be blocking the growth of the native heap
# Possible solutions:
#   Reduce memory load on the system
#   Increase physical memory or swap space
#   Check if swap backing store is full
#   Decrease Java heap size (-Xmx/-Xms)
#   Decrease number of Java threads
#   Decrease Java thread stack sizes (-Xss)
#   Set larger code cache with -XX:ReservedCodeCacheSize=
#   JVM is running with Unscaled Compressed Oops mode in which the Java heap is
#     placed in the first 4GB address space. The Java Heap base address is the
#     maximum limit for the native heap growth. Please use -XX:HeapBaseMinAddress
#     to set the Java Heap base and to place the Java Heap above 4GB virtual address.
# This output file may be truncated or incomplete.
#
#  Out of Memory Error (allocation.cpp:389), pid=13644, tid=0x000000000000ba4c
#
# JRE version: Java(TM) SE Runtime Environment (8.0_231-b11) (build 1.8.0_231-b11)
# Java VM: Java HotSpot(TM) 64-Bit Server VM (25.231-b11 mixed mode windows-amd64 compressed oops)
# Failed to write core dump. Minidumps are not enabled by default on client versions of Windows
#

---------------  T H R E A D  ---------------

Current thread (0x0000000019d3a800):  JavaThread "C2 CompilerThread0" daemon [_thread_in_native, id=47692, stack(0x000000001a330000,0x000000001a430000)]

Stack: [0x000000001a330000,0x000000001a430000]
[error occurred during error reporting (printing stack bounds), id 0xc0000005]

Native frames: (J=compiled Java code, j=interpreted, Vv=VM code, C=native code)


Current CompileTask:
C2:   1600 1590       4       com.google.javascript.jscomp.parsing.parser.Parser::parseAdditiveExpression (50 bytes)


---------------  P R O C E S S  ---------------

Java Threads: ( => current thread )
  0x000000001acbf800 JavaThread "jscompiler" daemon [_thread_in_Java, id=43268, stack(0x00000000216f0000,0x00000000256f0000)]
  0x0000000019e09800 JavaThread "Service Thread" daemon [_thread_blocked, id=12312, stack(0x000000001a630000,0x000000001a730000)]
  0x000000001835b000 JavaThread "C1 CompilerThread2" daemon [_thread_in_native, id=8472, stack(0x000000001a530000,0x000000001a630000)]
  0x0000000018359000 JavaThread "C2 CompilerThread1" daemon [_thread_in_native, id=37232, stack(0x000000001a430000,0x000000001a530000)]
=>0x0000000019d3a800 JavaThread "C2 CompilerThread0" daemon [_thread_in_native, id=47692, stack(0x000000001a330000,0x000000001a430000)]
  0x0000000018358800 JavaThread "Attach Listener" daemon [_thread_blocked, id=37952, stack(0x000000001a230000,0x000000001a330000)]
  0x000000001834b800 JavaThread "Signal Dispatcher" daemon [_thread_blocked, id=26744, stack(0x000000001a130000,0x000000001a230000)]
  0x00000000035cc800 JavaThread "Finalizer" daemon [_thread_blocked, id=24036, stack(0x0000000019bd0000,0x0000000019cd0000)]
  0x00000000035cb000 JavaThread "Reference Handler" daemon [_thread_blocked, id=43664, stack(0x0000000019ad0000,0x0000000019bd0000)]
  0x00000000034d6800 JavaThread "main" [_thread_blocked, id=42660, stack(0x00000000033d0000,0x00000000034d0000)]

Other Threads:
  0x0000000018307000 VMThread [stack: 0x00000000199d0000,0x0000000019ad0000] [id=22308]
  0x0000000019e2f800 WatcherThread [stack: 0x000000001a730000,0x000000001a830000] [id=22568]

VM state:not at safepoint (normal execution)

VM Mutex/Monitor currently owned by a thread: None

heap address: 0x0000000081c00000, size: 2020 MB, Compressed Oops mode: 32-bit
Narrow klass base: 0x0000000000000000, Narrow klass shift: 3
Compressed class space size: 1073741824 Address: 0x0000000100000000

Heap:
 PSYoungGen      total 71680K, used 20235K [0x00000000d5f00000, 0x00000000daa00000, 0x0000000100000000)
  eden space 66560K, 30% used [0x00000000d5f00000,0x00000000d72c2c58,0x00000000da000000)
  from space 5120K, 0% used [0x00000000da500000,0x00000000da500000,0x00000000daa00000)
  to   space 5120K, 0% used [0x00000000da000000,0x00000000da000000,0x00000000da500000)
 ParOldGen       total 120320K, used 35483K [0x0000000081c00000, 0x0000000089180000, 0x00000000d5f00000)
  object space 120320K, 29% used [0x0000000081c00000,0x0000000083ea6f58,0x0000000089180000)
 Metaspace       used 15013K, capacity 15244K, committed 15616K, reserved 1062912K
  class space    used 1661K, capacity 1742K, committed 1792K, reserved 1048576K

Card table byte_map: [0x0000000012990000,0x0000000012d90000] byte_map_base: 0x0000000012582000

Marking Bits: (ParMarkBitMap*) 0x0000000062d96d90
 Begin Bits: [0x0000000013640000, 0x00000000155d0000)
 End Bits:   [0x00000000155d0000, 0x0000000017560000)

Polling page: 0x00000000012a0000

CodeCache: size=245760Kb used=9018Kb max_used=9018Kb free=236741Kb
 bounds [0x00000000035d0000, 0x0000000003eb0000, 0x00000000125d0000]
 total_blobs=2551 nmethods=2198 adapters=265
 compilation: enabled

Compilation events (10 events):
Event: 1.590 Thread 0x000000001835b000 2325       2       com.google.javascript.jscomp.Es6SyntacticScopeCreator::<init> (9 bytes)
Event: 1.590 Thread 0x000000001835b000 nmethod 2325 0x0000000003e9db10 code [0x0000000003e9dc60, 0x0000000003e9de50]
Event: 1.590 Thread 0x000000001835b000 2326       2       com.google.javascript.jscomp.Es6SyntacticScopeCreator::<init> (15 bytes)
Event: 1.590 Thread 0x000000001835b000 nmethod 2326 0x0000000003e9df10 code [0x0000000003e9e060, 0x0000000003e9e230]
Event: 1.590 Thread 0x000000001835b000 2327       2       com.google.javascript.jscomp.Es6SyntacticScopeCreator$DefaultScopeFactory::<init> (5 bytes)
Event: 1.590 Thread 0x000000001835b000 nmethod 2327 0x0000000003e9e2d0 code [0x0000000003e9e420, 0x0000000003e9e570]
Event: 1.590 Thread 0x000000001835b000 2328       2       com.google.javascript.jscomp.Es6SyntacticScopeCreator$DefaultScopeFactory::<init> (5 bytes)
Event: 1.590 Thread 0x000000001835b000 nmethod 2328 0x0000000003e9e610 code [0x0000000003e9e760, 0x0000000003e9e8b0]
Event: 1.591 Thread 0x000000001835b000 2329       2       com.google.javascript.jscomp.NodeTraversal::getClosestHoistScopeRoot (66 bytes)
Event: 1.591 Thread 0x000000001835b000 nmethod 2329 0x0000000003e9e950 code [0x0000000003e9eb20, 0x0000000003e9eed8]

GC Heap History (10 events):
Event: 0.418 GC heap before
{Heap before GC invocations=1 (full 0):
 PSYoungGen      total 38400K, used 32693K [0x00000000d5f00000, 0x00000000d8980000, 0x0000000100000000)
  eden space 33280K, 98% used [0x00000000d5f00000,0x00000000d7eed458,0x00000000d7f80000)
  from space 5120K, 0% used [0x00000000d8480000,0x00000000d8480000,0x00000000d8980000)
  to   space 5120K, 0% used [0x00000000d7f80000,0x00000000d7f80000,0x00000000d8480000)
 ParOldGen       total 87552K, used 0K [0x0000000081c00000, 0x0000000087180000, 0x00000000d5f00000)
  object space 87552K, 0% used [0x0000000081c00000,0x0000000081c00000,0x0000000087180000)
 Metaspace       used 9928K, capacity 10122K, committed 10496K, reserved 1058816K
  class space    used 1079K, capacity 1169K, committed 1280K, reserved 1048576K
Event: 0.423 GC heap after
Heap after GC invocations=1 (full 0):
 PSYoungGen      total 38400K, used 5090K [0x00000000d5f00000, 0x00000000daa00000, 0x0000000100000000)
  eden space 33280K, 0% used [0x00000000d5f00000,0x00000000d5f00000,0x00000000d7f80000)
  from space 5120K, 99% used [0x00000000d7f80000,0x00000000d8478b70,0x00000000d8480000)
  to   space 5120K, 0% used [0x00000000da500000,0x00000000da500000,0x00000000daa00000)
 ParOldGen       total 87552K, used 4234K [0x0000000081c00000, 0x0000000087180000, 0x00000000d5f00000)
  object space 87552K, 4% used [0x0000000081c00000,0x0000000082022838,0x0000000087180000)
 Metaspace       used 9928K, capacity 10122K, committed 10496K, reserved 1058816K
  class space    used 1079K, capacity 1169K, committed 1280K, reserved 1048576K
}
Event: 0.480 GC heap before
{Heap before GC invocations=2 (full 0):
 PSYoungGen      total 38400K, used 38370K [0x00000000d5f00000, 0x00000000daa00000, 0x0000000100000000)
  eden space 33280K, 100% used [0x00000000d5f00000,0x00000000d7f80000,0x00000000d7f80000)
  from space 5120K, 99% used [0x00000000d7f80000,0x00000000d8478b70,0x00000000d8480000)
  to   space 5120K, 0% used [0x00000000da500000,0x00000000da500000,0x00000000daa00000)
 ParOldGen       total 87552K, used 4234K [0x0000000081c00000, 0x0000000087180000, 0x00000000d5f00000)
  object space 87552K, 4% used [0x0000000081c00000,0x0000000082022838,0x0000000087180000)
 Metaspace       used 10256K, capacity 10476K, committed 10752K, reserved 1058816K
  class space    used 1117K, capacity 1202K, committed 1280K, reserved 1048576K
Event: 0.486 GC heap after
Heap after GC invocations=2 (full 0):
 PSYoungGen      total 71680K, used 5114K [0x00000000d5f00000, 0x00000000daa00000, 0x0000000100000000)
  eden space 66560K, 0% used [0x00000000d5f00000,0x00000000d5f00000,0x00000000da000000)
  from space 5120K, 99% used [0x00000000da500000,0x00000000da9fe9f8,0x00000000daa00000)
  to   space 5120K, 0% used [0x00000000da000000,0x00000000da000000,0x00000000da500000)
 ParOldGen       total 87552K, used 12832K [0x0000000081c00000, 0x0000000087180000, 0x00000000d5f00000)
  object space 87552K, 14% used [0x0000000081c00000,0x00000000828883f0,0x0000000087180000)
 Metaspace       used 10256K, capacity 10476K, committed 10752K, reserved 1058816K
  class space    used 1117K, capacity 1202K, committed 1280K, reserved 1048576K
}
Event: 0.900 GC heap before
{Heap before GC invocations=3 (full 0):
 PSYoungGen      total 71680K, used 71674K [0x00000000d5f00000, 0x00000000daa00000, 0x0000000100000000)
  eden space 66560K, 100% used [0x00000000d5f00000,0x00000000da000000,0x00000000da000000)
  from space 5120K, 99% used [0x00000000da500000,0x00000000da9fe9f8,0x00000000daa00000)
  to   space 5120K, 0% used [0x00000000da000000,0x00000000da000000,0x00000000da500000)
 ParOldGen       total 87552K, used 12832K [0x0000000081c00000, 0x0000000087180000, 0x00000000d5f00000)
  object space 87552K, 14% used [0x0000000081c00000,0x00000000828883f0,0x0000000087180000)
 Metaspace       used 12769K, capacity 12990K, committed 13312K, reserved 1060864K
  class space    used 1394K, capacity 1463K, committed 1536K, reserved 1048576K
Event: 0.920 GC heap after
Heap after GC invocations=3 (full 0):
 PSYoungGen      total 71680K, used 5108K [0x00000000d5f00000, 0x00000000daa00000, 0x0000000100000000)
  eden space 66560K, 0% used [0x00000000d5f00000,0x00000000d5f00000,0x00000000da000000)
  from space 5120K, 99% used [0x00000000da000000,0x00000000da4fd338,0x00000000da500000)
  to   space 5120K, 0% used [0x00000000da500000,0x00000000da500000,0x00000000daa00000)
 ParOldGen       total 87552K, used 33101K [0x0000000081c00000, 0x0000000087180000, 0x00000000d5f00000)
  object space 87552K, 37% used [0x0000000081c00000,0x0000000083c53400,0x0000000087180000)
 Metaspace       used 12769K, capacity 12990K, committed 13312K, reserved 1060864K
  class space    used 1394K, capacity 1463K, committed 1536K, reserved 1048576K
}
Event: 1.336 GC heap before
{Heap before GC invocations=4 (full 0):
 PSYoungGen      total 71680K, used 71668K [0x00000000d5f00000, 0x00000000daa00000, 0x0000000100000000)
  eden space 66560K, 100% used [0x00000000d5f00000,0x00000000da000000,0x00000000da000000)
  from space 5120K, 99% used [0x00000000da000000,0x00000000da4fd338,0x00000000da500000)
  to   space 5120K, 0% used [0x00000000da500000,0x00000000da500000,0x00000000daa00000)
 ParOldGen       total 87552K, used 33101K [0x0000000081c00000, 0x0000000087180000, 0x00000000d5f00000)
  object space 87552K, 37% used [0x0000000081c00000,0x0000000083c53400,0x0000000087180000)
 Metaspace       used 14766K, capacity 15052K, committed 15360K, reserved 1062912K
  class space    used 1643K, capacity 1742K, committed 1792K, reserved 1048576K
Event: 1.363 GC heap after
Heap after GC invocations=4 (full 0):
 PSYoungGen      total 71680K, used 5108K [0x00000000d5f00000, 0x00000000daa00000, 0x0000000100000000)
  eden space 66560K, 0% used [0x00000000d5f00000,0x00000000d5f00000,0x00000000da000000)
  from space 5120K, 99% used [0x00000000da500000,0x00000000da9fd318,0x00000000daa00000)
  to   space 5120K, 0% used [0x00000000da000000,0x00000000da000000,0x00000000da500000)
 ParOldGen       total 87552K, used 60348K [0x0000000081c00000, 0x0000000087180000, 0x00000000d5f00000)
  object space 87552K, 68% used [0x0000000081c00000,0x00000000856ef318,0x0000000087180000)
 Metaspace       used 14766K, capacity 15052K, committed 15360K, reserved 1062912K
  class space    used 1643K, capacity 1742K, committed 1792K, reserved 1048576K
}
Event: 1.363 GC heap before
{Heap before GC invocations=5 (full 1):
 PSYoungGen      total 71680K, used 5108K [0x00000000d5f00000, 0x00000000daa00000, 0x0000000100000000)
  eden space 66560K, 0% used [0x00000000d5f00000,0x00000000d5f00000,0x00000000da000000)
  from space 5120K, 99% used [0x00000000da500000,0x00000000da9fd318,0x00000000daa00000)
  to   space 5120K, 0% used [0x00000000da000000,0x00000000da000000,0x00000000da500000)
 ParOldGen       total 87552K, used 60348K [0x0000000081c00000, 0x0000000087180000, 0x00000000d5f00000)
  object space 87552K, 68% used [0x0000000081c00000,0x00000000856ef318,0x0000000087180000)
 Metaspace       used 14766K, capacity 15052K, committed 15360K, reserved 1062912K
  class space    used 1643K, capacity 1742K, committed 1792K, reserved 1048576K
Event: 1.446 GC heap after
Heap after GC invocations=5 (full 1):
 PSYoungGen      total 71680K, used 0K [0x00000000d5f00000, 0x00000000daa00000, 0x0000000100000000)
  eden space 66560K, 0% used [0x00000000d5f00000,0x00000000d5f00000,0x00000000da000000)
  from space 5120K, 0% used [0x00000000da500000,0x00000000da500000,0x00000000daa00000)
  to   space 5120K, 0% used [0x00000000da000000,0x00000000da000000,0x00000000da500000)
 ParOldGen       total 120320K, used 35483K [0x0000000081c00000, 0x0000000089180000, 0x00000000d5f00000)
  object space 120320K, 29% used [0x0000000081c00000,0x0000000083ea6f58,0x0000000089180000)
 Metaspace       used 14766K, capacity 15052K, committed 15360K, reserved 1062912K
  class space    used 1643K, capacity 1742K, committed 1792K, reserved 1048576K
}

Deoptimization events (10 events):
Event: 0.742 Thread 0x000000001acbf800 Uncommon trap: reason=unstable_if action=reinterpret pc=0x0000000003b54ea0 method=com.google.javascript.jscomp.parsing.JsDocTokenStream.getChar()I @ 170
Event: 0.742 Thread 0x000000001acbf800 Uncommon trap: reason=unstable_if action=reinterpret pc=0x0000000003975548 method=com.google.javascript.rhino.TokenUtil.isJSSpace(I)Z @ 3
Event: 0.769 Thread 0x000000001acbf800 Uncommon trap: reason=unstable_if action=reinterpret pc=0x00000000039ea394 method=com.google.javascript.jscomp.parsing.JsDocTokenStream.isAlpha(I)Z @ 27
Event: 0.824 Thread 0x000000001acbf800 Uncommon trap: reason=unstable_if action=reinterpret pc=0x0000000003ace21c method=com.google.javascript.jscomp.parsing.parser.Scanner.isIdentifierPart(C)Z @ 91
Event: 0.825 Thread 0x000000001acbf800 Uncommon trap: reason=unstable_if action=reinterpret pc=0x000000000391bc54 method=com.google.javascript.jscomp.parsing.parser.Scanner.isIdentifierPart(C)Z @ 91
Event: 0.829 Thread 0x000000001acbf800 Uncommon trap: reason=unstable_if action=reinterpret pc=0x0000000003bbd830 method=com.google.javascript.jscomp.parsing.parser.Scanner.isIdentifierPart(C)Z @ 91
Event: 0.972 Thread 0x000000001acbf800 Uncommon trap: reason=unstable_if action=reinterpret pc=0x0000000003c60264 method=com.google.javascript.jscomp.parsing.parser.Scanner.isIdentifierPart(C)Z @ 43
Event: 0.998 Thread 0x000000001acbf800 Uncommon trap: reason=unstable_if action=reinterpret pc=0x000000000397f490 method=com.google.javascript.rhino.Node.mergeLineCharNo(II)I @ 1
Event: 1.066 Thread 0x000000001acbf800 Uncommon trap: reason=unstable_if action=reinterpret pc=0x0000000003b69bd4 method=com.google.javascript.jscomp.parsing.IRFactory.validateBlockScopedFunctions(Lcom/google/javascript/rhino/Node;)V @ 14
Event: 1.075 Thread 0x000000001acbf800 Uncommon trap: reason=unstable_if action=reinterpret pc=0x0000000003bcfaf8 method=com.google.javascript.rhino.Node.isCatch()Z @ 7

Classes redefined (0 events):
No events

Internal exceptions (10 events):
Event: 0.113 Thread 0x00000000034d6800 Exception <a 'java/lang/ArrayIndexOutOfBoundsException': 40> (0x00000000d6268e60) thrown at [C:\re\workspace\8-2-build-windows-amd64-cygwin\jdk8u231\13620\hotspot\src\share\vm\interpreter\interpreterRuntime.cpp, line 368]
Event: 0.191 Thread 0x00000000034d6800 Exception <a 'java/lang/ArrayIndexOutOfBoundsException'> (0x00000000d6616030) thrown at [C:\re\workspace\8-2-build-windows-amd64-cygwin\jdk8u231\13620\hotspot\src\share\vm\runtime\sharedRuntime.cpp, line 605]
Event: 0.243 Thread 0x00000000034d6800 Exception <a 'java/security/PrivilegedActionException'> (0x00000000d69e99e8) thrown at [C:\re\workspace\8-2-build-windows-amd64-cygwin\jdk8u231\13620\hotspot\src\share\vm\prims\jvm.cpp, line 1502]
Event: 0.243 Thread 0x00000000034d6800 Exception <a 'java/security/PrivilegedActionException'> (0x00000000d69e9bf8) thrown at [C:\re\workspace\8-2-build-windows-amd64-cygwin\jdk8u231\13620\hotspot\src\share\vm\prims\jvm.cpp, line 1502]
Event: 0.243 Thread 0x00000000034d6800 Exception <a 'java/security/PrivilegedActionException'> (0x00000000d69edcf0) thrown at [C:\re\workspace\8-2-build-windows-amd64-cygwin\jdk8u231\13620\hotspot\src\share\vm\prims\jvm.cpp, line 1502]
Event: 0.243 Thread 0x00000000034d6800 Exception <a 'java/security/PrivilegedActionException'> (0x00000000d69edf00) thrown at [C:\re\workspace\8-2-build-windows-amd64-cygwin\jdk8u231\13620\hotspot\src\share\vm\prims\jvm.cpp, line 1502]
Event: 0.312 Thread 0x00000000034d6800 Exception <a 'java/lang/NoSuchFieldError': method resolution failed> (0x00000000d6d47478) thrown at [C:\re\workspace\8-2-build-windows-amd64-cygwin\jdk8u231\13620\hotspot\src\share\vm\prims\methodHandles.cpp, line 1167]
Event: 0.313 Thread 0x00000000034d6800 Exception <a 'java/lang/NoSuchFieldError': method resolution failed> (0x00000000d6d54798) thrown at [C:\re\workspace\8-2-build-windows-amd64-cygwin\jdk8u231\13620\hotspot\src\share\vm\prims\methodHandles.cpp, line 1167]
Event: 0.324 Thread 0x00000000034d6800 Exception <a 'java/lang/NoSuchMethodError': java.lang.Object.lambda$comparingInt$7b0bb60$1(Ljava/util/function/ToIntFunction;Ljava/lang/Object;Ljava/lang/Object;)I> (0x00000000d6debb70) thrown at [C:\re\workspace\8-2-build-windows-amd64-cygwin\jdk8u231\13
Event: 0.326 Thread 0x00000000034d6800 Exception <a 'java/lang/NoSuchMethodError': java.lang.Object.lambda$thenComparing$36697e65$1(Ljava/util/Comparator;Ljava/lang/Object;Ljava/lang/Object;)I> (0x00000000d6e04d68) thrown at [C:\re\workspace\8-2-build-windows-amd64-cygwin\jdk8u231\13620\hotspo

Events (10 events):
Event: 1.597 Thread 0x000000001acbf800 DEOPT PACKING pc=0x00000000039b8fe4 sp=0x00000000256edc90
Event: 1.597 Thread 0x000000001acbf800 DEOPT UNPACKING pc=0x0000000003617890 sp=0x00000000256ed9c0 mode 0
Event: 1.597 Thread 0x000000001acbf800 DEOPT PACKING pc=0x00000000039b8fe4 sp=0x00000000256edc90
Event: 1.597 Thread 0x000000001acbf800 DEOPT UNPACKING pc=0x0000000003617890 sp=0x00000000256ed9c0 mode 0
Event: 1.598 Thread 0x000000001acbf800 DEOPT PACKING pc=0x00000000039b8fe4 sp=0x00000000256ee140
Event: 1.598 Thread 0x000000001acbf800 DEOPT UNPACKING pc=0x0000000003617890 sp=0x00000000256ede70 mode 0
Event: 1.598 Thread 0x000000001acbf800 DEOPT PACKING pc=0x00000000039b8fe4 sp=0x00000000256edd80
Event: 1.598 Thread 0x000000001acbf800 DEOPT UNPACKING pc=0x0000000003617890 sp=0x00000000256edab0 mode 0
Event: 1.599 Thread 0x000000001acbf800 DEOPT PACKING pc=0x00000000039b8fe4 sp=0x00000000256ee320
Event: 1.599 Thread 0x000000001acbf800 DEOPT UNPACKING pc=0x0000000003617890 sp=0x00000000256ee050 mode 0


Dynamic libraries:
0x00007ff7eced0000 - 0x00007ff7ecf07000 	D:\Program Files\Java\jdk1.8.0_231\bin\java.exe
0x00007ffc82540000 - 0x00007ffc8272d000 	C:\WINDOWS\SYSTEM32\ntdll.dll
0x00007ffc82280000 - 0x00007ffc82333000 	C:\WINDOWS\System32\KERNEL32.DLL
0x00007ffc7e800000 - 0x00007ffc7ea93000 	C:\WINDOWS\System32\KERNELBASE.dll
0x00007ffc811f0000 - 0x00007ffc81293000 	C:\WINDOWS\System32\ADVAPI32.dll
0x00007ffc82360000 - 0x00007ffc823fe000 	C:\WINDOWS\System32\msvcrt.dll
0x00007ffc7f7d0000 - 0x00007ffc7f86e000 	C:\WINDOWS\System32\sechost.dll
0x00007ffc81690000 - 0x00007ffc817b2000 	C:\WINDOWS\System32\RPCRT4.dll
0x00007ffc81f80000 - 0x00007ffc82117000 	C:\WINDOWS\System32\USER32.dll
0x00007ffc7ebd0000 - 0x00007ffc7ebf0000 	C:\WINDOWS\System32\win32u.dll
0x00007ffc7f760000 - 0x00007ffc7f789000 	C:\WINDOWS\System32\GDI32.dll
0x00007ffc7ec50000 - 0x00007ffc7ede9000 	C:\WINDOWS\System32\gdi32full.dll
0x00007ffc7f570000 - 0x00007ffc7f610000 	C:\WINDOWS\System32\msvcp_win.dll
0x00007ffc7f660000 - 0x00007ffc7f75a000 	C:\WINDOWS\System32\ucrtbase.dll
0x00007ffc6b890000 - 0x00007ffc6bb09000 	C:\WINDOWS\WinSxS\amd64_microsoft.windows.common-controls_6595b64144ccf1df_6.0.17763.864_none_05b3441807210760\COMCTL32.dll
0x00007ffc81360000 - 0x00007ffc8168c000 	C:\WINDOWS\System32\combase.dll
0x00007ffc7eaa0000 - 0x00007ffc7eb1e000 	C:\WINDOWS\System32\bcryptPrimitives.dll
0x00007ffc7f7a0000 - 0x00007ffc7f7ce000 	C:\WINDOWS\System32\IMM32.DLL
0x0000000062e20000 - 0x0000000062ef2000 	D:\Program Files\Java\jdk1.8.0_231\jre\bin\msvcr100.dll
0x0000000062570000 - 0x0000000062e16000 	D:\Program Files\Java\jdk1.8.0_231\jre\bin\server\jvm.dll
0x00007ffc7f790000 - 0x00007ffc7f798000 	C:\WINDOWS\System32\PSAPI.DLL
0x00007ffc7a6d0000 - 0x00007ffc7a6f4000 	C:\WINDOWS\SYSTEM32\WINMM.dll
0x00007ffc7dbd0000 - 0x00007ffc7dbda000 	C:\WINDOWS\SYSTEM32\VERSION.dll
0x00007ffc7dfe0000 - 0x00007ffc7dfe9000 	C:\WINDOWS\SYSTEM32\WSOCK32.dll
0x00007ffc7f870000 - 0x00007ffc7f8dd000 	C:\WINDOWS\System32\WS2_32.dll
0x00007ffc7a6a0000 - 0x00007ffc7a6cd000 	C:\WINDOWS\SYSTEM32\winmmbase.dll
0x00007ffc7f610000 - 0x00007ffc7f65a000 	C:\WINDOWS\System32\cfgmgr32.dll
0x00007ffc7dfd0000 - 0x00007ffc7dfdf000 	D:\Program Files\Java\jdk1.8.0_231\jre\bin\verify.dll
0x00007ffc7a750000 - 0x00007ffc7a779000 	D:\Program Files\Java\jdk1.8.0_231\jre\bin\java.dll
0x00007ffc794c0000 - 0x00007ffc794d6000 	D:\Program Files\Java\jdk1.8.0_231\jre\bin\zip.dll
0x00007ffc7fb40000 - 0x00007ffc81034000 	C:\WINDOWS\System32\SHELL32.dll
0x00007ffc82400000 - 0x00007ffc824a8000 	C:\WINDOWS\System32\shcore.dll
0x00007ffc7ee20000 - 0x00007ffc7f56d000 	C:\WINDOWS\System32\windows.storage.dll
0x00007ffc7e530000 - 0x00007ffc7e554000 	C:\WINDOWS\System32\profapi.dll
0x00007ffc7e580000 - 0x00007ffc7e5dd000 	C:\WINDOWS\System32\powrprof.dll
0x00007ffc7fae0000 - 0x00007ffc7fb32000 	C:\WINDOWS\System32\shlwapi.dll
0x00007ffc7e560000 - 0x00007ffc7e571000 	C:\WINDOWS\System32\kernel.appcore.dll
0x00007ffc7e600000 - 0x00007ffc7e617000 	C:\WINDOWS\System32\cryptsp.dll
0x00007ffc794a0000 - 0x00007ffc794ba000 	D:\Program Files\Java\jdk1.8.0_231\jre\bin\net.dll
0x00007ffc7d880000 - 0x00007ffc7d8e7000 	C:\WINDOWS\system32\mswsock.dll
0x00007ffc792f0000 - 0x00007ffc79302000 	D:\Program Files\Java\jdk1.8.0_231\jre\bin\nio.dll

VM Arguments:
java_command: D:\OpenSource\skulpt\skulpt\node_modules\google-closure-compiler-java\compiler.jar --language_in=ECMASCRIPT_NEXT --language_out=ECMASCRIPT5_STRICT --source_map_include_content=true --jscomp_error=accessControls --jscomp_error=checkRegExp --jscomp_error=checkTypes --jscomp_error=checkVars --jscomp_error=invalidCasts --jscomp_error=missingProperties --jscomp_error=nonStandardJsDocs --jscomp_error=strictModuleDepCheck --jscomp_error=undefinedVars --jscomp_error=unknownDefines --jscomp_error=visibility --jscomp_off=fileoverviewTags --jscomp_off=deprecated --language_out=ECMASCRIPT_2015 --externs=D:\OpenSource\skulpt\skulpt\node_modules\closure-webpack-plugin\src\standard-externs.js --externs=support/externs/sk.js --chunk=skulpt.min:1 --chunk_wrapper=skulpt.min:(function(){%s}).call(this || window) --error_format=JSON --json_streams=BOTH
java_class_path (initial): D:\OpenSource\skulpt\skulpt\node_modules\google-closure-compiler-java\compiler.jar
Launcher Type: SUN_STANDARD

Environment Variables:
JAVA_HOME=D:\Program Files\Java\jdk1.8.0_231
CLASSPATH=D:\Program Files\Java\jdk1.8.0_231\lib;D:\Program Files\Java\jdk1.8.0_231\lib\tools.jar
USERNAME=lenovo
OS=Windows_NT
PROCESSOR_IDENTIFIER=Intel64 Family 6 Model 158 Stepping 10, GenuineIntel



---------------  S Y S T E M  ---------------

OS: Windows 10.0 , 64 bit Build 17763 (10.0.17763.475)

CPU:total 6 (initial active 6) (6 cores per cpu, 1 threads per core) family 6 model 158 stepping 10, cmov, cx8, fxsr, mmx, sse, sse2, sse3, ssse3, sse4.1, sse4.2, popcnt, avx, avx2, aes, clmul, erms, 3dnowpref, lzcnt, tsc, tscinvbit, bmi1, bmi2, adx

Memory: 4k page, physical 8268576k(819732k free), swap 21185028k(4496k free)

vm_info: Java HotSpot(TM) 64-Bit Server VM (25.231-b11) for windows-amd64 JRE (1.8.0_231-b11), built on Oct  5 2019 03:11:30 by "java_re" with MS VC++ 10.0 (VS2010)

time: Wed Dec 04 16:20:29 2019
timezone: 中国标准时间
elapsed time: 1 seconds (0d 0h 0m 1s)

