#
# There is insufficient memory for the Java Runtime Environment to continue.
# Native memory allocation (malloc) failed to allocate 32744 bytes for ChunkPool::allocate
# Possible reasons:
#   The system is out of physical RAM or swap space
#   The process is running with CompressedOops enabled, and the Java Heap may be blocking the growth of the native heap
# Possible solutions:
#   Reduce memory load on the system
#   Increase physical memory or swap space
#   Check if swap backing store is full
#   Decrease Java heap size (-Xmx/-Xms)
#   Decrease number of Java threads
#   Decrease Java thread stack sizes (-Xss)
#   Set larger code cache with -XX:ReservedCodeCacheSize=
#   JVM is running with Unscaled Compressed Oops mode in which the Java heap is
#     placed in the first 4GB address space. The Java Heap base address is the
#     maximum limit for the native heap growth. Please use -XX:HeapBaseMinAddress
#     to set the Java Heap base and to place the Java Heap above 4GB virtual address.
# This output file may be truncated or incomplete.
#
#  Out of Memory Error (allocation.cpp:272), pid=47660, tid=0x0000000000006ad0
#
# JRE version: Java(TM) SE Runtime Environment (8.0_231-b11) (build 1.8.0_231-b11)
# Java VM: Java HotSpot(TM) 64-Bit Server VM (25.231-b11 mixed mode windows-amd64 compressed oops)
# Failed to write core dump. Minidumps are not enabled by default on client versions of Windows
#

---------------  T H R E A D  ---------------

Current thread (0x0000000019110000):  JavaThread "C1 CompilerThread2" daemon [_thread_in_native, id=27344, stack(0x00000000198b0000,0x00000000199b0000)]

Stack: [0x00000000198b0000,0x00000000199b0000]
[error occurred during error reporting (printing stack bounds), id 0xc0000005]

Native frames: (J=compiled Java code, j=interpreted, Vv=VM code, C=native code)


Current CompileTask:
C1:    624 1035       3       com.google.javascript.jscomp.parsing.JsDocInfoParser::parseAnnotation (3909 bytes)


---------------  P R O C E S S  ---------------

Java Threads: ( => current thread )
  0x000000001a0a7800 JavaThread "jscompiler" daemon [_thread_in_Java, id=38884, stack(0x000000001a5b0000,0x000000001e5b0000)]
  0x000000001918a000 JavaThread "Service Thread" daemon [_thread_blocked, id=3676, stack(0x00000000199b0000,0x0000000019ab0000)]
=>0x0000000019110000 JavaThread "C1 CompilerThread2" daemon [_thread_in_native, id=27344, stack(0x00000000198b0000,0x00000000199b0000)]
  0x0000000017729000 JavaThread "C2 CompilerThread1" daemon [_thread_in_native, id=36932, stack(0x00000000197b0000,0x00000000198b0000)]
  0x000000001910d800 JavaThread "C2 CompilerThread0" daemon [_thread_in_native, id=50016, stack(0x00000000196b0000,0x00000000197b0000)]
  0x00000000190be000 JavaThread "Attach Listener" daemon [_thread_blocked, id=48832, stack(0x00000000195b0000,0x00000000196b0000)]
  0x00000000190bc000 JavaThread "Signal Dispatcher" daemon [_thread_blocked, id=40864, stack(0x00000000194b0000,0x00000000195b0000)]
  0x000000000299c000 JavaThread "Finalizer" daemon [_thread_blocked, id=32748, stack(0x0000000018fb0000,0x00000000190b0000)]
  0x00000000176fc000 JavaThread "Reference Handler" daemon [_thread_blocked, id=49380, stack(0x0000000018eb0000,0x0000000018fb0000)]
  0x00000000028a6800 JavaThread "main" [_thread_blocked, id=42388, stack(0x00000000027a0000,0x00000000028a0000)]

Other Threads:
  0x00000000176d6800 VMThread [stack: 0x0000000018db0000,0x0000000018eb0000] [id=51524]
  0x00000000191b1000 WatcherThread [stack: 0x0000000019ab0000,0x0000000019bb0000] [id=50952]

VM state:not at safepoint (normal execution)

VM Mutex/Monitor currently owned by a thread: None

heap address: 0x0000000081c00000, size: 2020 MB, Compressed Oops mode: 32-bit
Narrow klass base: 0x0000000000000000, Narrow klass shift: 3
Compressed class space size: 1073741824 Address: 0x0000000100000000

Heap:
 PSYoungGen      total 38400K, used 14568K [0x00000000d5f00000, 0x00000000d8980000, 0x0000000100000000)
  eden space 33280K, 28% used [0x00000000d5f00000,0x00000000d683f5a8,0x00000000d7f80000)
  from space 5120K, 99% used [0x00000000d8480000,0x00000000d897ace0,0x00000000d8980000)
  to   space 5120K, 0% used [0x00000000d7f80000,0x00000000d7f80000,0x00000000d8480000)
 ParOldGen       total 87552K, used 12835K [0x0000000081c00000, 0x0000000087180000, 0x00000000d5f00000)
  object space 87552K, 14% used [0x0000000081c00000,0x0000000082888e28,0x0000000087180000)
 Metaspace       used 12140K, capacity 12382K, committed 12544K, reserved 1060864K
  class space    used 1341K, capacity 1431K, committed 1536K, reserved 1048576K

Card table byte_map: [0x0000000011d60000,0x0000000012160000] byte_map_base: 0x0000000011952000

Marking Bits: (ParMarkBitMap*) 0x0000000062d96d90
 Begin Bits: [0x0000000012a10000, 0x00000000149a0000)
 End Bits:   [0x00000000149a0000, 0x0000000016930000)

Polling page: 0x0000000000aa0000

CodeCache: size=245760Kb used=3980Kb max_used=3993Kb free=241779Kb
 bounds [0x00000000029a0000, 0x0000000002d90000, 0x00000000119a0000]
 total_blobs=1356 nmethods=1040 adapters=229
 compilation: enabled

Compilation events (10 events):
Event: 0.592 Thread 0x000000001910d800 nmethod 1060 0x0000000002d82ad0 code [0x0000000002d82c00, 0x0000000002d82c98]
Event: 0.593 Thread 0x000000001910d800 1062       4       com.google.javascript.jscomp.parsing.JsDocTokenStream::getCharno (28 bytes)
Event: 0.593 Thread 0x000000001910d800 nmethod 1062 0x0000000002d82d10 code [0x0000000002d82e40, 0x0000000002d82eb8]
Event: 0.595 Thread 0x000000001910d800 1064 %     4       com.google.javascript.jscomp.parsing.parser.LineNumberTable::computeLineStartOffsets @ 19 (103 bytes)
Event: 0.600 Thread 0x000000001910d800 nmethod 1064% 0x0000000002d80810 code [0x0000000002d80a40, 0x0000000002d810f8]
Event: 0.600 Thread 0x000000001910d800 1070       4       com.google.javascript.jscomp.parsing.parser.LineNumberTable::getSourcePosition (26 bytes)
Event: 0.602 Thread 0x000000001910d800 nmethod 1070 0x0000000002d802d0 code [0x0000000002d80420, 0x0000000002d80618]
Event: 0.602 Thread 0x000000001910d800 1065       4       com.google.javascript.jscomp.parsing.parser.Parser::peekType (6 bytes)
Event: 0.607 Thread 0x000000001910d800 nmethod 1065 0x0000000002d81d90 code [0x0000000002d81f00, 0x0000000002d82388]
Event: 0.607 Thread 0x000000001910d800 1073 %     4       com.google.javascript.jscomp.parsing.parser.Scanner::skipMultiLineComment @ 15 (170 bytes)

GC Heap History (4 events):
Event: 0.427 GC heap before
{Heap before GC invocations=1 (full 0):
 PSYoungGen      total 38400K, used 32702K [0x00000000d5f00000, 0x00000000d8980000, 0x0000000100000000)
  eden space 33280K, 98% used [0x00000000d5f00000,0x00000000d7eef920,0x00000000d7f80000)
  from space 5120K, 0% used [0x00000000d8480000,0x00000000d8480000,0x00000000d8980000)
  to   space 5120K, 0% used [0x00000000d7f80000,0x00000000d7f80000,0x00000000d8480000)
 ParOldGen       total 87552K, used 0K [0x0000000081c00000, 0x0000000087180000, 0x00000000d5f00000)
  object space 87552K, 0% used [0x0000000081c00000,0x0000000081c00000,0x0000000087180000)
 Metaspace       used 9931K, capacity 10122K, committed 10496K, reserved 1058816K
  class space    used 1079K, capacity 1169K, committed 1280K, reserved 1048576K
Event: 0.432 GC heap after
Heap after GC invocations=1 (full 0):
 PSYoungGen      total 38400K, used 5097K [0x00000000d5f00000, 0x00000000d8980000, 0x0000000100000000)
  eden space 33280K, 0% used [0x00000000d5f00000,0x00000000d5f00000,0x00000000d7f80000)
  from space 5120K, 99% used [0x00000000d7f80000,0x00000000d847a7d0,0x00000000d8480000)
  to   space 5120K, 0% used [0x00000000d8480000,0x00000000d8480000,0x00000000d8980000)
 ParOldGen       total 87552K, used 4215K [0x0000000081c00000, 0x0000000087180000, 0x00000000d5f00000)
  object space 87552K, 4% used [0x0000000081c00000,0x000000008201dfd0,0x0000000087180000)
 Metaspace       used 9931K, capacity 10122K, committed 10496K, reserved 1058816K
  class space    used 1079K, capacity 1169K, committed 1280K, reserved 1048576K
}
Event: 0.484 GC heap before
{Heap before GC invocations=2 (full 0):
 PSYoungGen      total 38400K, used 38377K [0x00000000d5f00000, 0x00000000d8980000, 0x0000000100000000)
  eden space 33280K, 100% used [0x00000000d5f00000,0x00000000d7f80000,0x00000000d7f80000)
  from space 5120K, 99% used [0x00000000d7f80000,0x00000000d847a7d0,0x00000000d8480000)
  to   space 5120K, 0% used [0x00000000d8480000,0x00000000d8480000,0x00000000d8980000)
 ParOldGen       total 87552K, used 4215K [0x0000000081c00000, 0x0000000087180000, 0x00000000d5f00000)
  object space 87552K, 4% used [0x0000000081c00000,0x000000008201dfd0,0x0000000087180000)
 Metaspace       used 10258K, capacity 10476K, committed 10752K, reserved 1058816K
  class space    used 1117K, capacity 1202K, committed 1280K, reserved 1048576K
Event: 0.489 GC heap after
Heap after GC invocations=2 (full 0):
 PSYoungGen      total 38400K, used 5099K [0x00000000d5f00000, 0x00000000d8980000, 0x0000000100000000)
  eden space 33280K, 0% used [0x00000000d5f00000,0x00000000d5f00000,0x00000000d7f80000)
  from space 5120K, 99% used [0x00000000d8480000,0x00000000d897ace0,0x00000000d8980000)
  to   space 5120K, 0% used [0x00000000d7f80000,0x00000000d7f80000,0x00000000d8480000)
 ParOldGen       total 87552K, used 12835K [0x0000000081c00000, 0x0000000087180000, 0x00000000d5f00000)
  object space 87552K, 14% used [0x0000000081c00000,0x0000000082888e28,0x0000000087180000)
 Metaspace       used 10258K, capacity 10476K, committed 10752K, reserved 1058816K
  class space    used 1117K, capacity 1202K, committed 1280K, reserved 1048576K
}

Deoptimization events (8 events):
Event: 0.242 Thread 0x00000000028a6800 Uncommon trap: reason=unstable_if action=reinterpret pc=0x0000000002b5be88 method=sun.misc.MetaIndex.mayContain(Ljava/lang/String;)Z @ 13
Event: 0.243 Thread 0x00000000028a6800 Uncommon trap: reason=bimorphic action=maybe_recompile pc=0x0000000002b5460c method=java.util.HashMap.getNode(ILjava/lang/Object;)Ljava/util/HashMap$Node; @ 126
Event: 0.245 Thread 0x00000000028a6800 Uncommon trap: reason=unstable_if action=reinterpret pc=0x0000000002b6c6ec method=java.lang.String.indexOf([CII[CIII)I @ 134
Event: 0.245 Thread 0x00000000028a6800 Uncommon trap: reason=unstable_if action=reinterpret pc=0x0000000002b48bbc method=java.lang.String.replace(CC)Ljava/lang/String; @ 26
Event: 0.450 Thread 0x00000000028a6800 Uncommon trap: reason=unstable_if action=reinterpret pc=0x0000000002c86408 method=com.google.gson.stream.JsonReader.nextQuotedValue(C)Ljava/lang/String; @ 48
Event: 0.480 Thread 0x00000000028a6800 Uncommon trap: reason=unloaded action=reinterpret pc=0x0000000002cafdb4 method=com.google.debugging.sourcemap.SourceMapConsumerV3$MappingBuilder.decodeEntry([II)Lcom/google/debugging/sourcemap/SourceMapConsumerV3$Entry; @ 36
Event: 0.491 Thread 0x00000000028a6800 Uncommon trap: reason=unstable_if action=reinterpret pc=0x0000000002ca5c58 method=com.google.debugging.sourcemap.SourceMapConsumerV3$StringCharIterator.hasNext()Z @ 8
Event: 0.544 Thread 0x000000001a0a7800 Uncommon trap: reason=unstable_if action=reinterpret pc=0x0000000002ce03b0 method=com.google.javascript.jscomp.parsing.parser.Scanner.isValidIndex(I)Z @ 14

Classes redefined (0 events):
No events

Internal exceptions (10 events):
Event: 0.116 Thread 0x00000000028a6800 Exception <a 'java/lang/ArrayIndexOutOfBoundsException': 40> (0x00000000d6268d90) thrown at [C:\re\workspace\8-2-build-windows-amd64-cygwin\jdk8u231\13620\hotspot\src\share\vm\interpreter\interpreterRuntime.cpp, line 368]
Event: 0.190 Thread 0x00000000028a6800 Exception <a 'java/lang/ArrayIndexOutOfBoundsException'> (0x00000000d6614af0) thrown at [C:\re\workspace\8-2-build-windows-amd64-cygwin\jdk8u231\13620\hotspot\src\share\vm\runtime\sharedRuntime.cpp, line 605]
Event: 0.243 Thread 0x00000000028a6800 Exception <a 'java/security/PrivilegedActionException'> (0x00000000d69e9000) thrown at [C:\re\workspace\8-2-build-windows-amd64-cygwin\jdk8u231\13620\hotspot\src\share\vm\prims\jvm.cpp, line 1502]
Event: 0.243 Thread 0x00000000028a6800 Exception <a 'java/security/PrivilegedActionException'> (0x00000000d69e9210) thrown at [C:\re\workspace\8-2-build-windows-amd64-cygwin\jdk8u231\13620\hotspot\src\share\vm\prims\jvm.cpp, line 1502]
Event: 0.243 Thread 0x00000000028a6800 Exception <a 'java/security/PrivilegedActionException'> (0x00000000d69ed308) thrown at [C:\re\workspace\8-2-build-windows-amd64-cygwin\jdk8u231\13620\hotspot\src\share\vm\prims\jvm.cpp, line 1502]
Event: 0.243 Thread 0x00000000028a6800 Exception <a 'java/security/PrivilegedActionException'> (0x00000000d69ed518) thrown at [C:\re\workspace\8-2-build-windows-amd64-cygwin\jdk8u231\13620\hotspot\src\share\vm\prims\jvm.cpp, line 1502]
Event: 0.318 Thread 0x00000000028a6800 Exception <a 'java/lang/NoSuchFieldError': method resolution failed> (0x00000000d6d47040) thrown at [C:\re\workspace\8-2-build-windows-amd64-cygwin\jdk8u231\13620\hotspot\src\share\vm\prims\methodHandles.cpp, line 1167]
Event: 0.319 Thread 0x00000000028a6800 Exception <a 'java/lang/NoSuchFieldError': method resolution failed> (0x00000000d6d54360) thrown at [C:\re\workspace\8-2-build-windows-amd64-cygwin\jdk8u231\13620\hotspot\src\share\vm\prims\methodHandles.cpp, line 1167]
Event: 0.331 Thread 0x00000000028a6800 Exception <a 'java/lang/NoSuchMethodError': java.lang.Object.lambda$comparingInt$7b0bb60$1(Ljava/util/function/ToIntFunction;Ljava/lang/Object;Ljava/lang/Object;)I> (0x00000000d6deb718) thrown at [C:\re\workspace\8-2-build-windows-amd64-cygwin\jdk8u231\13
Event: 0.333 Thread 0x00000000028a6800 Exception <a 'java/lang/NoSuchMethodError': java.lang.Object.lambda$thenComparing$36697e65$1(Ljava/util/Comparator;Ljava/lang/Object;Ljava/lang/Object;)I> (0x00000000d6e04910) thrown at [C:\re\workspace\8-2-build-windows-amd64-cygwin\jdk8u231\13620\hotspo

Events (10 events):
Event: 0.616 loading class com/google/javascript/jscomp/parsing/TypeTransformationParser$Keywords
Event: 0.616 loading class com/google/javascript/jscomp/parsing/TypeTransformationParser$Keywords done
Event: 0.616 loading class com/google/javascript/jscomp/parsing/TypeTransformationParser$OperationKind
Event: 0.616 loading class com/google/javascript/jscomp/parsing/TypeTransformationParser$OperationKind done
Event: 0.616 loading class com/google/javascript/jscomp/parsing/TypeTransformationParser$1
Event: 0.616 loading class com/google/javascript/jscomp/parsing/TypeTransformationParser$1 done
Event: 0.617 loading class com/google/javascript/rhino/Node$SiblingNodeIterable
Event: 0.617 loading class com/google/javascript/rhino/Node$SiblingNodeIterable done
Event: 0.617 loading class com/google/javascript/rhino/Node$SiblingNodeIterator
Event: 0.617 loading class com/google/javascript/rhino/Node$SiblingNodeIterator done


Dynamic libraries:
0x00007ff7744f0000 - 0x00007ff774527000 	D:\Program Files\Java\jdk1.8.0_231\bin\java.exe
0x00007ffc82540000 - 0x00007ffc8272d000 	C:\WINDOWS\SYSTEM32\ntdll.dll
0x00007ffc82280000 - 0x00007ffc82333000 	C:\WINDOWS\System32\KERNEL32.DLL
0x00007ffc7e800000 - 0x00007ffc7ea93000 	C:\WINDOWS\System32\KERNELBASE.dll
0x00007ffc811f0000 - 0x00007ffc81293000 	C:\WINDOWS\System32\ADVAPI32.dll
0x00007ffc82360000 - 0x00007ffc823fe000 	C:\WINDOWS\System32\msvcrt.dll
0x00007ffc7f7d0000 - 0x00007ffc7f86e000 	C:\WINDOWS\System32\sechost.dll
0x00007ffc81690000 - 0x00007ffc817b2000 	C:\WINDOWS\System32\RPCRT4.dll
0x00007ffc81f80000 - 0x00007ffc82117000 	C:\WINDOWS\System32\USER32.dll
0x00007ffc7ebd0000 - 0x00007ffc7ebf0000 	C:\WINDOWS\System32\win32u.dll
0x00007ffc7f760000 - 0x00007ffc7f789000 	C:\WINDOWS\System32\GDI32.dll
0x00007ffc7ec50000 - 0x00007ffc7ede9000 	C:\WINDOWS\System32\gdi32full.dll
0x00007ffc7f570000 - 0x00007ffc7f610000 	C:\WINDOWS\System32\msvcp_win.dll
0x00007ffc7f660000 - 0x00007ffc7f75a000 	C:\WINDOWS\System32\ucrtbase.dll
0x00007ffc6b890000 - 0x00007ffc6bb09000 	C:\WINDOWS\WinSxS\amd64_microsoft.windows.common-controls_6595b64144ccf1df_6.0.17763.864_none_05b3441807210760\COMCTL32.dll
0x00007ffc81360000 - 0x00007ffc8168c000 	C:\WINDOWS\System32\combase.dll
0x00007ffc7eaa0000 - 0x00007ffc7eb1e000 	C:\WINDOWS\System32\bcryptPrimitives.dll
0x00007ffc7f7a0000 - 0x00007ffc7f7ce000 	C:\WINDOWS\System32\IMM32.DLL
0x0000000062e20000 - 0x0000000062ef2000 	D:\Program Files\Java\jdk1.8.0_231\jre\bin\msvcr100.dll
0x0000000062570000 - 0x0000000062e16000 	D:\Program Files\Java\jdk1.8.0_231\jre\bin\server\jvm.dll
0x00007ffc7f790000 - 0x00007ffc7f798000 	C:\WINDOWS\System32\PSAPI.DLL
0x00007ffc7dfe0000 - 0x00007ffc7dfe9000 	C:\WINDOWS\SYSTEM32\WSOCK32.dll
0x00007ffc7f870000 - 0x00007ffc7f8dd000 	C:\WINDOWS\System32\WS2_32.dll
0x00007ffc7a6d0000 - 0x00007ffc7a6f4000 	C:\WINDOWS\SYSTEM32\WINMM.dll
0x00007ffc7dbd0000 - 0x00007ffc7dbda000 	C:\WINDOWS\SYSTEM32\VERSION.dll
0x00007ffc7a6a0000 - 0x00007ffc7a6cd000 	C:\WINDOWS\SYSTEM32\WINMMBASE.dll
0x00007ffc7f610000 - 0x00007ffc7f65a000 	C:\WINDOWS\System32\cfgmgr32.dll
0x00007ffc7dfd0000 - 0x00007ffc7dfdf000 	D:\Program Files\Java\jdk1.8.0_231\jre\bin\verify.dll
0x00007ffc76ea0000 - 0x00007ffc76ec9000 	D:\Program Files\Java\jdk1.8.0_231\jre\bin\java.dll
0x00007ffc792f0000 - 0x00007ffc79306000 	D:\Program Files\Java\jdk1.8.0_231\jre\bin\zip.dll
0x00007ffc7fb40000 - 0x00007ffc81034000 	C:\WINDOWS\System32\SHELL32.dll
0x00007ffc82400000 - 0x00007ffc824a8000 	C:\WINDOWS\System32\shcore.dll
0x00007ffc7ee20000 - 0x00007ffc7f56d000 	C:\WINDOWS\System32\windows.storage.dll
0x00007ffc7e530000 - 0x00007ffc7e554000 	C:\WINDOWS\System32\profapi.dll
0x00007ffc7e580000 - 0x00007ffc7e5dd000 	C:\WINDOWS\System32\powrprof.dll
0x00007ffc7fae0000 - 0x00007ffc7fb32000 	C:\WINDOWS\System32\shlwapi.dll
0x00007ffc7e560000 - 0x00007ffc7e571000 	C:\WINDOWS\System32\kernel.appcore.dll
0x00007ffc7e600000 - 0x00007ffc7e617000 	C:\WINDOWS\System32\cryptsp.dll

VM Arguments:
java_command: D:\OpenSource\skulpt\skulpt\node_modules\google-closure-compiler-java\compiler.jar --language_in=ECMASCRIPT_NEXT --language_out=ECMASCRIPT5_STRICT --source_map_include_content=true --jscomp_error=accessControls --jscomp_error=checkRegExp --jscomp_error=checkTypes --jscomp_error=checkVars --jscomp_error=invalidCasts --jscomp_error=missingProperties --jscomp_error=nonStandardJsDocs --jscomp_error=strictModuleDepCheck --jscomp_error=undefinedVars --jscomp_error=unknownDefines --jscomp_error=visibility --jscomp_off=fileoverviewTags --jscomp_off=deprecated --language_out=ECMASCRIPT_2015 --externs=D:\OpenSource\skulpt\skulpt\node_modules\closure-webpack-plugin\src\standard-externs.js --externs=support/externs/sk.js --chunk=skulpt.min:1 --chunk_wrapper=skulpt.min:(function(){%s}).call(this || window) --error_format=JSON --json_streams=BOTH
java_class_path (initial): D:\OpenSource\skulpt\skulpt\node_modules\google-closure-compiler-java\compiler.jar
Launcher Type: SUN_STANDARD

Environment Variables:
JAVA_HOME=D:\Program Files\Java\jdk1.8.0_231
CLASSPATH=D:\Program Files\Java\jdk1.8.0_231\lib;D:\Program Files\Java\jdk1.8.0_231\lib\tools.jar
USERNAME=lenovo
OS=Windows_NT
PROCESSOR_IDENTIFIER=Intel64 Family 6 Model 158 Stepping 10, GenuineIntel



---------------  S Y S T E M  ---------------

OS: Windows 10.0 , 64 bit Build 17763 (10.0.17763.475)

CPU:total 6 (initial active 6) (6 cores per cpu, 1 threads per core) family 6 model 158 stepping 10, cmov, cx8, fxsr, mmx, sse, sse2, sse3, ssse3, sse4.1, sse4.2, popcnt, avx, avx2, aes, clmul, erms, 3dnowpref, lzcnt, tsc, tscinvbit, bmi1, bmi2, adx

Memory: 4k page, physical 8268576k(1184908k free), swap 21185028k(6148k free)

vm_info: Java HotSpot(TM) 64-Bit Server VM (25.231-b11) for windows-amd64 JRE (1.8.0_231-b11), built on Oct  5 2019 03:11:30 by "java_re" with MS VC++ 10.0 (VS2010)

time: Thu Dec 05 11:12:45 2019
timezone: 中国标准时间
elapsed time: 0 seconds (0d 0h 0m 0s)

