#
# There is insufficient memory for the Java Runtime Environment to continue.
# Native memory allocation (malloc) failed to allocate 32744 bytes for ChunkPool::allocate
# Possible reasons:
#   The system is out of physical RAM or swap space
#   The process is running with CompressedOops enabled, and the Java Heap may be blocking the growth of the native heap
# Possible solutions:
#   Reduce memory load on the system
#   Increase physical memory or swap space
#   Check if swap backing store is full
#   Decrease Java heap size (-Xmx/-Xms)
#   Decrease number of Java threads
#   Decrease Java thread stack sizes (-Xss)
#   Set larger code cache with -XX:ReservedCodeCacheSize=
#   JVM is running with Unscaled Compressed Oops mode in which the Java heap is
#     placed in the first 4GB address space. The Java Heap base address is the
#     maximum limit for the native heap growth. Please use -XX:HeapBaseMinAddress
#     to set the Java Heap base and to place the Java Heap above 4GB virtual address.
# This output file may be truncated or incomplete.
#
#  Out of Memory Error (allocation.cpp:272), pid=42824, tid=0x000000000000a7ac
#
# JRE version: Java(TM) SE Runtime Environment (8.0_231-b11) (build 1.8.0_231-b11)
# Java VM: Java HotSpot(TM) 64-Bit Server VM (25.231-b11 mixed mode windows-amd64 compressed oops)
# Failed to write core dump. Minidumps are not enabled by default on client versions of Windows
#

---------------  T H R E A D  ---------------

Current thread (0x000000001761d800):  JavaThread "C2 CompilerThread1" daemon [_thread_in_native, id=42924, stack(0x00000000196e0000,0x00000000197e0000)]

Stack: [0x00000000196e0000,0x00000000197e0000]
[error occurred during error reporting (printing stack bounds), id 0xc0000005]

Native frames: (J=compiled Java code, j=interpreted, Vv=VM code, C=native code)


Current CompileTask:
C2:   1072 1009       4       com.google.javascript.jscomp.parsing.JsDocTokenStream::getJsDocToken (498 bytes)


---------------  P R O C E S S  ---------------

Java Threads: ( => current thread )
  0x00000000193bf000 JavaThread "jscompiler" daemon [_thread_in_Java, id=49704, stack(0x000000001b4b0000,0x000000001f4b0000)]
  0x0000000019080800 JavaThread "Service Thread" daemon [_thread_blocked, id=51560, stack(0x00000000198e0000,0x00000000199e0000)]
  0x000000001903f800 JavaThread "C1 CompilerThread2" daemon [_thread_in_native, id=51828, stack(0x00000000197e0000,0x00000000198e0000)]
=>0x000000001761d800 JavaThread "C2 CompilerThread1" daemon [_thread_in_native, id=42924, stack(0x00000000196e0000,0x00000000197e0000)]
  0x000000001761b800 JavaThread "C2 CompilerThread0" daemon [_thread_in_native, id=51832, stack(0x00000000195e0000,0x00000000196e0000)]
  0x000000001903a800 JavaThread "Attach Listener" daemon [_thread_blocked, id=45528, stack(0x00000000194e0000,0x00000000195e0000)]
  0x0000000018feb800 JavaThread "Signal Dispatcher" daemon [_thread_blocked, id=51808, stack(0x00000000193e0000,0x00000000194e0000)]
  0x000000000285a800 JavaThread "Finalizer" daemon [_thread_blocked, id=50816, stack(0x0000000018e80000,0x0000000018f80000)]
  0x0000000002859800 JavaThread "Reference Handler" daemon [_thread_blocked, id=51016, stack(0x0000000018d80000,0x0000000018e80000)]
  0x0000000002766800 JavaThread "main" [_thread_blocked, id=52016, stack(0x0000000002660000,0x0000000002760000)]

Other Threads:
  0x00000000175c7800 VMThread [stack: 0x0000000018c80000,0x0000000018d80000] [id=47720]
  0x00000000190ca800 WatcherThread [stack: 0x00000000199e0000,0x0000000019ae0000] [id=51224]

VM state:not at safepoint (normal execution)

VM Mutex/Monitor currently owned by a thread: None

heap address: 0x0000000081c00000, size: 2020 MB, Compressed Oops mode: 32-bit
Narrow klass base: 0x0000000000000000, Narrow klass shift: 3
Compressed class space size: 1073741824 Address: 0x0000000100000000

Heap:
 PSYoungGen      total 38400K, used 14814K [0x00000000d5f00000, 0x00000000daa00000, 0x0000000100000000)
  eden space 33280K, 29% used [0x00000000d5f00000,0x00000000d6879e68,0x00000000d7f80000)
  from space 5120K, 99% used [0x00000000d8480000,0x00000000d897db08,0x00000000d8980000)
  to   space 5120K, 0% used [0x00000000d7f80000,0x00000000d7f80000,0x00000000d8480000)
 ParOldGen       total 87552K, used 12740K [0x0000000081c00000, 0x0000000087180000, 0x00000000d5f00000)
  object space 87552K, 14% used [0x0000000081c00000,0x0000000082871180,0x0000000087180000)
 Metaspace       used 12160K, capacity 12394K, committed 12544K, reserved 1060864K
  class space    used 1341K, capacity 1431K, committed 1536K, reserved 1048576K

Card table byte_map: [0x0000000011c20000,0x0000000012020000] byte_map_base: 0x0000000011812000

Marking Bits: (ParMarkBitMap*) 0x0000000062d96d90
 Begin Bits: [0x00000000128d0000, 0x0000000014860000)
 End Bits:   [0x0000000014860000, 0x00000000167f0000)

Polling page: 0x0000000000550000

CodeCache: size=245760Kb used=4130Kb max_used=4141Kb free=241629Kb
 bounds [0x0000000002860000, 0x0000000002c70000, 0x0000000011860000]
 total_blobs=1397 nmethods=1081 adapters=229
 compilation: enabled

Compilation events (10 events):
Event: 1.046 Thread 0x000000001761b800 nmethod 1108 0x0000000002c513d0 code [0x0000000002c51500, 0x0000000002c515b8]
Event: 1.047 Thread 0x000000001761b800 1109       4       com.google.javascript.rhino.Node::clonePropsFrom (27 bytes)
Event: 1.047 Thread 0x000000001761b800 nmethod 1109 0x0000000002c51090 code [0x0000000002c511c0, 0x0000000002c51278]
Event: 1.057 Thread 0x000000001761b800 1113       4       com.google.common.collect.AbstractIndexedListIterator::hasNext (17 bytes)
Event: 1.057 Thread 0x000000001761b800 nmethod 1113 0x0000000002c69dd0 code [0x0000000002c69f00, 0x0000000002c69f78]
Event: 1.058 Thread 0x000000001761b800 1114       4       com.google.javascript.jscomp.parsing.parser.LineNumberTable::computeLineStartOffsets (103 bytes)
Event: 1.068 Thread 0x000000001761b800 nmethod 1114 0x0000000002c6d7d0 code [0x0000000002c6da20, 0x0000000002c6e188]
Event: 1.068 Thread 0x000000001761b800 1119       4       com.google.common.base.Preconditions::checkArgument (13 bytes)
Event: 1.068 Thread 0x000000001761b800 nmethod 1119 0x0000000002c6be90 code [0x0000000002c6bfc0, 0x0000000002c6c018]
Event: 1.068 Thread 0x000000001761b800 1122 %     4       com.google.javascript.jscomp.parsing.parser.Scanner::skipMultiLineComment @ 15 (170 bytes)

GC Heap History (4 events):
Event: 0.786 GC heap before
{Heap before GC invocations=1 (full 0):
 PSYoungGen      total 38400K, used 32686K [0x00000000d5f00000, 0x00000000d8980000, 0x0000000100000000)
  eden space 33280K, 98% used [0x00000000d5f00000,0x00000000d7eebb48,0x00000000d7f80000)
  from space 5120K, 0% used [0x00000000d8480000,0x00000000d8480000,0x00000000d8980000)
  to   space 5120K, 0% used [0x00000000d7f80000,0x00000000d7f80000,0x00000000d8480000)
 ParOldGen       total 87552K, used 0K [0x0000000081c00000, 0x0000000087180000, 0x00000000d5f00000)
  object space 87552K, 0% used [0x0000000081c00000,0x0000000081c00000,0x0000000087180000)
 Metaspace       used 9941K, capacity 10134K, committed 10496K, reserved 1058816K
  class space    used 1079K, capacity 1169K, committed 1280K, reserved 1048576K
Event: 0.792 GC heap after
Heap after GC invocations=1 (full 0):
 PSYoungGen      total 38400K, used 5107K [0x00000000d5f00000, 0x00000000d8980000, 0x0000000100000000)
  eden space 33280K, 0% used [0x00000000d5f00000,0x00000000d5f00000,0x00000000d7f80000)
  from space 5120K, 99% used [0x00000000d7f80000,0x00000000d847cf18,0x00000000d8480000)
  to   space 5120K, 0% used [0x00000000d8480000,0x00000000d8480000,0x00000000d8980000)
 ParOldGen       total 87552K, used 3494K [0x0000000081c00000, 0x0000000087180000, 0x00000000d5f00000)
  object space 87552K, 3% used [0x0000000081c00000,0x0000000081f699f8,0x0000000087180000)
 Metaspace       used 9941K, capacity 10134K, committed 10496K, reserved 1058816K
  class space    used 1079K, capacity 1169K, committed 1280K, reserved 1048576K
}
Event: 0.875 GC heap before
{Heap before GC invocations=2 (full 0):
 PSYoungGen      total 38400K, used 38387K [0x00000000d5f00000, 0x00000000d8980000, 0x0000000100000000)
  eden space 33280K, 100% used [0x00000000d5f00000,0x00000000d7f80000,0x00000000d7f80000)
  from space 5120K, 99% used [0x00000000d7f80000,0x00000000d847cf18,0x00000000d8480000)
  to   space 5120K, 0% used [0x00000000d8480000,0x00000000d8480000,0x00000000d8980000)
 ParOldGen       total 87552K, used 3494K [0x0000000081c00000, 0x0000000087180000, 0x00000000d5f00000)
  object space 87552K, 3% used [0x0000000081c00000,0x0000000081f699f8,0x0000000087180000)
 Metaspace       used 10268K, capacity 10488K, committed 10752K, reserved 1058816K
  class space    used 1118K, capacity 1202K, committed 1280K, reserved 1048576K
Event: 0.886 GC heap after
Heap after GC invocations=2 (full 0):
 PSYoungGen      total 38400K, used 5110K [0x00000000d5f00000, 0x00000000daa00000, 0x0000000100000000)
  eden space 33280K, 0% used [0x00000000d5f00000,0x00000000d5f00000,0x00000000d7f80000)
  from space 5120K, 99% used [0x00000000d8480000,0x00000000d897db08,0x00000000d8980000)
  to   space 5120K, 0% used [0x00000000d7f80000,0x00000000d7f80000,0x00000000d8480000)
 ParOldGen       total 87552K, used 12740K [0x0000000081c00000, 0x0000000087180000, 0x00000000d5f00000)
  object space 87552K, 14% used [0x0000000081c00000,0x0000000082871180,0x0000000087180000)
 Metaspace       used 10268K, capacity 10488K, committed 10752K, reserved 1058816K
  class space    used 1118K, capacity 1202K, committed 1280K, reserved 1048576K
}

Deoptimization events (10 events):
Event: 0.494 Thread 0x0000000002766800 Uncommon trap: reason=bimorphic action=maybe_recompile pc=0x0000000002a1090c method=java.util.HashMap.getNode(ILjava/lang/Object;)Ljava/util/HashMap$Node; @ 126
Event: 0.500 Thread 0x0000000002766800 Uncommon trap: reason=unstable_if action=reinterpret pc=0x0000000002a2b22c method=java.lang.String.indexOf([CII[CIII)I @ 134
Event: 0.500 Thread 0x0000000002766800 Uncommon trap: reason=unstable_if action=reinterpret pc=0x00000000029f317c method=java.lang.String.replace(CC)Ljava/lang/String; @ 26
Event: 0.814 Thread 0x0000000002766800 Uncommon trap: reason=unstable_if action=reinterpret pc=0x0000000002b4fd54 method=com.google.gson.stream.JsonReader.nextQuotedValue(C)Ljava/lang/String; @ 48
Event: 0.845 Thread 0x0000000002766800 Uncommon trap: reason=class_check action=maybe_recompile pc=0x0000000002b5dc18 method=com.google.gson.stream.JsonReader.fillBuffer(I)Z @ 85
Event: 0.846 Thread 0x0000000002766800 Uncommon trap: reason=class_check action=maybe_recompile pc=0x0000000002b5dc18 method=com.google.gson.stream.JsonReader.fillBuffer(I)Z @ 85
Event: 0.846 Thread 0x0000000002766800 Uncommon trap: reason=class_check action=maybe_recompile pc=0x0000000002b5dc18 method=com.google.gson.stream.JsonReader.fillBuffer(I)Z @ 85
Event: 0.847 Thread 0x0000000002766800 Uncommon trap: reason=class_check action=maybe_recompile pc=0x0000000002b5dc18 method=com.google.gson.stream.JsonReader.fillBuffer(I)Z @ 85
Event: 0.887 Thread 0x0000000002766800 Uncommon trap: reason=unstable_if action=reinterpret pc=0x0000000002b683d8 method=com.google.debugging.sourcemap.SourceMapConsumerV3$StringCharIterator.hasNext()Z @ 8
Event: 0.972 Thread 0x00000000193bf000 Uncommon trap: reason=unstable_if action=reinterpret pc=0x0000000002ba33f0 method=com.google.javascript.jscomp.parsing.parser.Scanner.isValidIndex(I)Z @ 14

Classes redefined (0 events):
No events

Internal exceptions (10 events):
Event: 0.279 Thread 0x0000000002766800 Exception <a 'java/lang/ArrayIndexOutOfBoundsException': 40> (0x00000000d6268e60) thrown at [C:\re\workspace\8-2-build-windows-amd64-cygwin\jdk8u231\13620\hotspot\src\share\vm\interpreter\interpreterRuntime.cpp, line 368]
Event: 0.401 Thread 0x0000000002766800 Exception <a 'java/lang/ArrayIndexOutOfBoundsException'> (0x00000000d6615fe8) thrown at [C:\re\workspace\8-2-build-windows-amd64-cygwin\jdk8u231\13620\hotspot\src\share\vm\runtime\sharedRuntime.cpp, line 605]
Event: 0.493 Thread 0x0000000002766800 Exception <a 'java/security/PrivilegedActionException'> (0x00000000d69e99a0) thrown at [C:\re\workspace\8-2-build-windows-amd64-cygwin\jdk8u231\13620\hotspot\src\share\vm\prims\jvm.cpp, line 1502]
Event: 0.493 Thread 0x0000000002766800 Exception <a 'java/security/PrivilegedActionException'> (0x00000000d69e9bb0) thrown at [C:\re\workspace\8-2-build-windows-amd64-cygwin\jdk8u231\13620\hotspot\src\share\vm\prims\jvm.cpp, line 1502]
Event: 0.495 Thread 0x0000000002766800 Exception <a 'java/security/PrivilegedActionException'> (0x00000000d69edca8) thrown at [C:\re\workspace\8-2-build-windows-amd64-cygwin\jdk8u231\13620\hotspot\src\share\vm\prims\jvm.cpp, line 1502]
Event: 0.495 Thread 0x0000000002766800 Exception <a 'java/security/PrivilegedActionException'> (0x00000000d69edeb8) thrown at [C:\re\workspace\8-2-build-windows-amd64-cygwin\jdk8u231\13620\hotspot\src\share\vm\prims\jvm.cpp, line 1502]
Event: 0.615 Thread 0x0000000002766800 Exception <a 'java/lang/NoSuchFieldError': method resolution failed> (0x00000000d6d47430) thrown at [C:\re\workspace\8-2-build-windows-amd64-cygwin\jdk8u231\13620\hotspot\src\share\vm\prims\methodHandles.cpp, line 1167]
Event: 0.616 Thread 0x0000000002766800 Exception <a 'java/lang/NoSuchFieldError': method resolution failed> (0x00000000d6d54750) thrown at [C:\re\workspace\8-2-build-windows-amd64-cygwin\jdk8u231\13620\hotspot\src\share\vm\prims\methodHandles.cpp, line 1167]
Event: 0.633 Thread 0x0000000002766800 Exception <a 'java/lang/NoSuchMethodError': java.lang.Object.lambda$comparingInt$7b0bb60$1(Ljava/util/function/ToIntFunction;Ljava/lang/Object;Ljava/lang/Object;)I> (0x00000000d6debb28) thrown at [C:\re\workspace\8-2-build-windows-amd64-cygwin\jdk8u231\13
Event: 0.635 Thread 0x0000000002766800 Exception <a 'java/lang/NoSuchMethodError': java.lang.Object.lambda$thenComparing$36697e65$1(Ljava/util/Comparator;Ljava/lang/Object;Ljava/lang/Object;)I> (0x00000000d6e04d20) thrown at [C:\re\workspace\8-2-build-windows-amd64-cygwin\jdk8u231\13620\hotspo

Events (10 events):
Event: 1.055 loading class com/google/javascript/jscomp/parsing/TypeTransformationParser$Keywords
Event: 1.055 loading class com/google/javascript/jscomp/parsing/TypeTransformationParser$Keywords done
Event: 1.055 loading class com/google/javascript/jscomp/parsing/TypeTransformationParser$OperationKind
Event: 1.055 loading class com/google/javascript/jscomp/parsing/TypeTransformationParser$OperationKind done
Event: 1.055 loading class com/google/javascript/jscomp/parsing/TypeTransformationParser$1
Event: 1.055 loading class com/google/javascript/jscomp/parsing/TypeTransformationParser$1 done
Event: 1.056 loading class com/google/javascript/rhino/Node$SiblingNodeIterable
Event: 1.056 loading class com/google/javascript/rhino/Node$SiblingNodeIterable done
Event: 1.056 loading class com/google/javascript/rhino/Node$SiblingNodeIterator
Event: 1.056 loading class com/google/javascript/rhino/Node$SiblingNodeIterator done


Dynamic libraries:
0x00007ff66f710000 - 0x00007ff66f747000 	D:\Program Files\Java\jdk1.8.0_231\bin\java.exe
0x00007ffc82540000 - 0x00007ffc8272d000 	C:\WINDOWS\SYSTEM32\ntdll.dll
0x00007ffc82280000 - 0x00007ffc82333000 	C:\WINDOWS\System32\KERNEL32.DLL
0x00007ffc7e800000 - 0x00007ffc7ea93000 	C:\WINDOWS\System32\KERNELBASE.dll
0x00007ffc811f0000 - 0x00007ffc81293000 	C:\WINDOWS\System32\ADVAPI32.dll
0x00007ffc82360000 - 0x00007ffc823fe000 	C:\WINDOWS\System32\msvcrt.dll
0x00007ffc7f7d0000 - 0x00007ffc7f86e000 	C:\WINDOWS\System32\sechost.dll
0x00007ffc81690000 - 0x00007ffc817b2000 	C:\WINDOWS\System32\RPCRT4.dll
0x00007ffc81f80000 - 0x00007ffc82117000 	C:\WINDOWS\System32\USER32.dll
0x00007ffc7ebd0000 - 0x00007ffc7ebf0000 	C:\WINDOWS\System32\win32u.dll
0x00007ffc7f760000 - 0x00007ffc7f789000 	C:\WINDOWS\System32\GDI32.dll
0x00007ffc7ec50000 - 0x00007ffc7ede9000 	C:\WINDOWS\System32\gdi32full.dll
0x00007ffc7f570000 - 0x00007ffc7f610000 	C:\WINDOWS\System32\msvcp_win.dll
0x00007ffc7f660000 - 0x00007ffc7f75a000 	C:\WINDOWS\System32\ucrtbase.dll
0x00007ffc6b890000 - 0x00007ffc6bb09000 	C:\WINDOWS\WinSxS\amd64_microsoft.windows.common-controls_6595b64144ccf1df_6.0.17763.864_none_05b3441807210760\COMCTL32.dll
0x00007ffc81360000 - 0x00007ffc8168c000 	C:\WINDOWS\System32\combase.dll
0x00007ffc7eaa0000 - 0x00007ffc7eb1e000 	C:\WINDOWS\System32\bcryptPrimitives.dll
0x00007ffc7f7a0000 - 0x00007ffc7f7ce000 	C:\WINDOWS\System32\IMM32.DLL
0x0000000062e20000 - 0x0000000062ef2000 	D:\Program Files\Java\jdk1.8.0_231\jre\bin\msvcr100.dll
0x0000000062570000 - 0x0000000062e16000 	D:\Program Files\Java\jdk1.8.0_231\jre\bin\server\jvm.dll
0x00007ffc7f790000 - 0x00007ffc7f798000 	C:\WINDOWS\System32\PSAPI.DLL
0x00007ffc7dfd0000 - 0x00007ffc7dfd9000 	C:\WINDOWS\SYSTEM32\WSOCK32.dll
0x00007ffc7a6d0000 - 0x00007ffc7a6f4000 	C:\WINDOWS\SYSTEM32\WINMM.dll
0x00007ffc7dbd0000 - 0x00007ffc7dbda000 	C:\WINDOWS\SYSTEM32\VERSION.dll
0x00007ffc7f870000 - 0x00007ffc7f8dd000 	C:\WINDOWS\System32\WS2_32.dll
0x00007ffc7a6a0000 - 0x00007ffc7a6cd000 	C:\WINDOWS\SYSTEM32\winmmbase.dll
0x00007ffc7f610000 - 0x00007ffc7f65a000 	C:\WINDOWS\System32\cfgmgr32.dll
0x00007ffc7ce70000 - 0x00007ffc7ce7f000 	D:\Program Files\Java\jdk1.8.0_231\jre\bin\verify.dll
0x00007ffc76ea0000 - 0x00007ffc76ec9000 	D:\Program Files\Java\jdk1.8.0_231\jre\bin\java.dll
0x00007ffc76fb0000 - 0x00007ffc76fc6000 	D:\Program Files\Java\jdk1.8.0_231\jre\bin\zip.dll
0x00007ffc7fb40000 - 0x00007ffc81034000 	C:\WINDOWS\System32\SHELL32.dll
0x00007ffc82400000 - 0x00007ffc824a8000 	C:\WINDOWS\System32\shcore.dll
0x00007ffc7ee20000 - 0x00007ffc7f56d000 	C:\WINDOWS\System32\windows.storage.dll
0x00007ffc7e530000 - 0x00007ffc7e554000 	C:\WINDOWS\System32\profapi.dll
0x00007ffc7e580000 - 0x00007ffc7e5dd000 	C:\WINDOWS\System32\powrprof.dll
0x00007ffc7fae0000 - 0x00007ffc7fb32000 	C:\WINDOWS\System32\shlwapi.dll
0x00007ffc7e560000 - 0x00007ffc7e571000 	C:\WINDOWS\System32\kernel.appcore.dll
0x00007ffc7e600000 - 0x00007ffc7e617000 	C:\WINDOWS\System32\cryptsp.dll

VM Arguments:
java_command: D:\OpenSource\skulpt\skulpt\node_modules\google-closure-compiler-java\compiler.jar --language_in=ECMASCRIPT_NEXT --language_out=ECMASCRIPT5_STRICT --source_map_include_content=true --jscomp_error=accessControls --jscomp_error=checkRegExp --jscomp_error=checkTypes --jscomp_error=checkVars --jscomp_error=invalidCasts --jscomp_error=missingProperties --jscomp_error=nonStandardJsDocs --jscomp_error=strictModuleDepCheck --jscomp_error=undefinedVars --jscomp_error=unknownDefines --jscomp_error=visibility --jscomp_off=fileoverviewTags --jscomp_off=deprecated --language_out=ECMASCRIPT_2015 --externs=D:\OpenSource\skulpt\skulpt\node_modules\closure-webpack-plugin\src\standard-externs.js --externs=support/externs/sk.js --chunk=skulpt.min:1 --chunk_wrapper=skulpt.min:(function(){%s}).call(this || window) --error_format=JSON --json_streams=BOTH
java_class_path (initial): D:\OpenSource\skulpt\skulpt\node_modules\google-closure-compiler-java\compiler.jar
Launcher Type: SUN_STANDARD

Environment Variables:
JAVA_HOME=D:\Program Files\Java\jdk1.8.0_231
CLASSPATH=D:\Program Files\Java\jdk1.8.0_231\lib;D:\Program Files\Java\jdk1.8.0_231\lib\tools.jar
USERNAME=lenovo
OS=Windows_NT
PROCESSOR_IDENTIFIER=Intel64 Family 6 Model 158 Stepping 10, GenuineIntel



---------------  S Y S T E M  ---------------

OS: Windows 10.0 , 64 bit Build 17763 (10.0.17763.475)

CPU:total 6 (initial active 6) (6 cores per cpu, 1 threads per core) family 6 model 158 stepping 10, cmov, cx8, fxsr, mmx, sse, sse2, sse3, ssse3, sse4.1, sse4.2, popcnt, avx, avx2, aes, clmul, erms, 3dnowpref, lzcnt, tsc, tscinvbit, bmi1, bmi2, adx

Memory: 4k page, physical 8268576k(772328k free), swap 21185028k(3088k free)

vm_info: Java HotSpot(TM) 64-Bit Server VM (25.231-b11) for windows-amd64 JRE (1.8.0_231-b11), built on Oct  5 2019 03:11:30 by "java_re" with MS VC++ 10.0 (VS2010)

time: Wed Dec 04 15:47:59 2019
timezone: 中国标准时间
elapsed time: 1 seconds (0d 0h 0m 1s)

