#
# There is insufficient memory for the Java Runtime Environment to continue.
# Native memory allocation (malloc) failed to allocate 133296 bytes for Chunk::new
# Possible reasons:
#   The system is out of physical RAM or swap space
#   The process is running with CompressedOops enabled, and the Java Heap may be blocking the growth of the native heap
# Possible solutions:
#   Reduce memory load on the system
#   Increase physical memory or swap space
#   Check if swap backing store is full
#   Decrease Java heap size (-Xmx/-Xms)
#   Decrease number of Java threads
#   Decrease Java thread stack sizes (-Xss)
#   Set larger code cache with -XX:ReservedCodeCacheSize=
#   JVM is running with Unscaled Compressed Oops mode in which the Java heap is
#     placed in the first 4GB address space. The Java Heap base address is the
#     maximum limit for the native heap growth. Please use -XX:HeapBaseMinAddress
#     to set the Java Heap base and to place the Java Heap above 4GB virtual address.
# This output file may be truncated or incomplete.
#
#  Out of Memory Error (allocation.cpp:389), pid=20476, tid=0x0000000000009740
#
# JRE version: Java(TM) SE Runtime Environment (8.0_231-b11) (build 1.8.0_231-b11)
# Java VM: Java HotSpot(TM) 64-Bit Server VM (25.231-b11 mixed mode windows-amd64 compressed oops)
# Failed to write core dump. Minidumps are not enabled by default on client versions of Windows
#

---------------  T H R E A D  ---------------

Current thread (0x000000001962d000):  JavaThread "C2 CompilerThread1" daemon [_thread_in_native, id=38720, stack(0x0000000019cd0000,0x0000000019dd0000)]

Stack: [0x0000000019cd0000,0x0000000019dd0000]
[error occurred during error reporting (printing stack bounds), id 0xc0000005]

Native frames: (J=compiled Java code, j=interpreted, Vv=VM code, C=native code)


Current CompileTask:
C2:    784 1272       4       com.google.javascript.jscomp.NodeTraversal::traverseBranch (144 bytes)


---------------  P R O C E S S  ---------------

Java Threads: ( => current thread )
  0x000000001a4a1000 JavaThread "jscompiler" daemon [_thread_in_Java, id=4680, stack(0x000000001aad0000,0x000000001ead0000)]
  0x00000000196b2000 JavaThread "Service Thread" daemon [_thread_blocked, id=38332, stack(0x0000000019ed0000,0x0000000019fd0000)]
  0x0000000017bfd000 JavaThread "C1 CompilerThread2" daemon [_thread_in_vm, id=36704, stack(0x0000000019dd0000,0x0000000019ed0000)]
=>0x000000001962d000 JavaThread "C2 CompilerThread1" daemon [_thread_in_native, id=38720, stack(0x0000000019cd0000,0x0000000019dd0000)]
  0x00000000195de000 JavaThread "C2 CompilerThread0" daemon [_thread_in_native, id=6784, stack(0x0000000019bd0000,0x0000000019cd0000)]
  0x00000000195dd000 JavaThread "Attach Listener" daemon [_thread_blocked, id=52144, stack(0x0000000019ad0000,0x0000000019bd0000)]
  0x00000000195db800 JavaThread "Signal Dispatcher" daemon [_thread_blocked, id=7608, stack(0x00000000199d0000,0x0000000019ad0000)]
  0x0000000002e2b800 JavaThread "Finalizer" daemon [_thread_blocked, id=26544, stack(0x0000000019460000,0x0000000019560000)]
  0x0000000017bcc000 JavaThread "Reference Handler" daemon [_thread_blocked, id=46760, stack(0x0000000019360000,0x0000000019460000)]
  0x0000000002d36800 JavaThread "main" [_thread_blocked, id=26216, stack(0x0000000002c00000,0x0000000002d00000)]

Other Threads:
  0x0000000017ba6800 VMThread [stack: 0x0000000019260000,0x0000000019360000] [id=27316]
  0x00000000196c9000 WatcherThread [stack: 0x0000000019fd0000,0x000000001a0d0000] [id=24780]

VM state:not at safepoint (normal execution)

VM Mutex/Monitor currently owned by a thread: None

heap address: 0x0000000081c00000, size: 2020 MB, Compressed Oops mode: 32-bit
Narrow klass base: 0x0000000000000000, Narrow klass shift: 3
Compressed class space size: 1073741824 Address: 0x0000000100000000

Heap:
 PSYoungGen      total 38400K, used 9476K [0x00000000d5f00000, 0x00000000d8980000, 0x0000000100000000)
  eden space 33280K, 13% used [0x00000000d5f00000,0x00000000d6346c50,0x00000000d7f80000)
  from space 5120K, 99% used [0x00000000d7f80000,0x00000000d847a710,0x00000000d8480000)
  to   space 5120K, 0% used [0x00000000d8480000,0x00000000d8480000,0x00000000d8980000)
 ParOldGen       total 87552K, used 19200K [0x0000000081c00000, 0x0000000087180000, 0x00000000d5f00000)
  object space 87552K, 21% used [0x0000000081c00000,0x0000000082ec00a0,0x0000000087180000)
 Metaspace       used 12312K, capacity 12510K, committed 12800K, reserved 1060864K
  class space    used 1343K, capacity 1431K, committed 1536K, reserved 1048576K

Card table byte_map: [0x0000000012200000,0x0000000012600000] byte_map_base: 0x0000000011df2000

Marking Bits: (ParMarkBitMap*) 0x0000000062d96d90
 Begin Bits: [0x0000000012eb0000, 0x0000000014e40000)
 End Bits:   [0x0000000014e40000, 0x0000000016dd0000)

Polling page: 0x0000000002d00000

CodeCache: size=245760Kb used=5765Kb max_used=5765Kb free=239994Kb
 bounds [0x0000000002e40000, 0x00000000033f0000, 0x0000000011e40000]
 total_blobs=1743 nmethods=1427 adapters=229
 compilation: enabled

Compilation events (10 events):
Event: 0.778 Thread 0x0000000017bfd000 1450       1       com.google.javascript.rhino.JSDocInfo$LazilyInitializedInfo::access$2800 (5 bytes)
Event: 0.778 Thread 0x0000000017bfd000 nmethod 1450 0x00000000033e2410 code [0x00000000033e2560, 0x00000000033e2650]
Event: 0.778 Thread 0x0000000017bfd000 1451       1       com.google.javascript.jscomp.Compiler::getOptions (5 bytes)
Event: 0.778 Thread 0x0000000017bfd000 nmethod 1451 0x00000000033e26d0 code [0x00000000033e2820, 0x00000000033e2930]
Event: 0.779 Thread 0x0000000017bfd000 1452       2       java.util.AbstractCollection::isEmpty (13 bytes)
Event: 0.779 Thread 0x0000000017bfd000 nmethod 1452 0x00000000033e2990 code [0x00000000033e2b00, 0x00000000033e2c88]
Event: 0.780 Thread 0x0000000017bfd000 1453       2       com.google.javascript.rhino.Node::newString (12 bytes)
Event: 0.781 Thread 0x0000000017bfd000 nmethod 1453 0x00000000033e2d10 code [0x00000000033e2ea0, 0x00000000033e31a8]
Event: 0.781 Thread 0x0000000017bfd000 1454       2       com.google.javascript.rhino.JSDocInfoBuilder::recordBaseType (38 bytes)
Event: 0.781 Thread 0x0000000017bfd000 nmethod 1454 0x00000000033e3410 code [0x00000000033e3580, 0x00000000033e3848]

GC Heap History (6 events):
Event: 0.415 GC heap before
{Heap before GC invocations=1 (full 0):
 PSYoungGen      total 38400K, used 32685K [0x00000000d5f00000, 0x00000000d8980000, 0x0000000100000000)
  eden space 33280K, 98% used [0x00000000d5f00000,0x00000000d7eeb650,0x00000000d7f80000)
  from space 5120K, 0% used [0x00000000d8480000,0x00000000d8480000,0x00000000d8980000)
  to   space 5120K, 0% used [0x00000000d7f80000,0x00000000d7f80000,0x00000000d8480000)
 ParOldGen       total 87552K, used 0K [0x0000000081c00000, 0x0000000087180000, 0x00000000d5f00000)
  object space 87552K, 0% used [0x0000000081c00000,0x0000000081c00000,0x0000000087180000)
 Metaspace       used 9928K, capacity 10122K, committed 10496K, reserved 1058816K
  class space    used 1079K, capacity 1169K, committed 1280K, reserved 1048576K
Event: 0.420 GC heap after
Heap after GC invocations=1 (full 0):
 PSYoungGen      total 38400K, used 5097K [0x00000000d5f00000, 0x00000000d8980000, 0x0000000100000000)
  eden space 33280K, 0% used [0x00000000d5f00000,0x00000000d5f00000,0x00000000d7f80000)
  from space 5120K, 99% used [0x00000000d7f80000,0x00000000d847a578,0x00000000d8480000)
  to   space 5120K, 0% used [0x00000000d8480000,0x00000000d8480000,0x00000000d8980000)
 ParOldGen       total 87552K, used 3460K [0x0000000081c00000, 0x0000000087180000, 0x00000000d5f00000)
  object space 87552K, 3% used [0x0000000081c00000,0x0000000081f61390,0x0000000087180000)
 Metaspace       used 9928K, capacity 10122K, committed 10496K, reserved 1058816K
  class space    used 1079K, capacity 1169K, committed 1280K, reserved 1048576K
}
Event: 0.475 GC heap before
{Heap before GC invocations=2 (full 0):
 PSYoungGen      total 38400K, used 38377K [0x00000000d5f00000, 0x00000000d8980000, 0x0000000100000000)
  eden space 33280K, 100% used [0x00000000d5f00000,0x00000000d7f80000,0x00000000d7f80000)
  from space 5120K, 99% used [0x00000000d7f80000,0x00000000d847a578,0x00000000d8480000)
  to   space 5120K, 0% used [0x00000000d8480000,0x00000000d8480000,0x00000000d8980000)
 ParOldGen       total 87552K, used 3460K [0x0000000081c00000, 0x0000000087180000, 0x00000000d5f00000)
  object space 87552K, 3% used [0x0000000081c00000,0x0000000081f61390,0x0000000087180000)
 Metaspace       used 10256K, capacity 10476K, committed 10752K, reserved 1058816K
  class space    used 1117K, capacity 1202K, committed 1280K, reserved 1048576K
Event: 0.481 GC heap after
Heap after GC invocations=2 (full 0):
 PSYoungGen      total 38400K, used 5104K [0x00000000d5f00000, 0x00000000d8980000, 0x0000000100000000)
  eden space 33280K, 0% used [0x00000000d5f00000,0x00000000d5f00000,0x00000000d7f80000)
  from space 5120K, 99% used [0x00000000d8480000,0x00000000d897c080,0x00000000d8980000)
  to   space 5120K, 0% used [0x00000000d7f80000,0x00000000d7f80000,0x00000000d8480000)
 ParOldGen       total 87552K, used 12708K [0x0000000081c00000, 0x0000000087180000, 0x00000000d5f00000)
  object space 87552K, 14% used [0x0000000081c00000,0x0000000082869378,0x0000000087180000)
 Metaspace       used 10256K, capacity 10476K, committed 10752K, reserved 1058816K
  class space    used 1117K, capacity 1202K, committed 1280K, reserved 1048576K
}
Event: 0.758 GC heap before
{Heap before GC invocations=3 (full 0):
 PSYoungGen      total 38400K, used 38384K [0x00000000d5f00000, 0x00000000d8980000, 0x0000000100000000)
  eden space 33280K, 100% used [0x00000000d5f00000,0x00000000d7f80000,0x00000000d7f80000)
  from space 5120K, 99% used [0x00000000d8480000,0x00000000d897c080,0x00000000d8980000)
  to   space 5120K, 0% used [0x00000000d7f80000,0x00000000d7f80000,0x00000000d8480000)
 ParOldGen       total 87552K, used 12708K [0x0000000081c00000, 0x0000000087180000, 0x00000000d5f00000)
  object space 87552K, 14% used [0x0000000081c00000,0x0000000082869378,0x0000000087180000)
 Metaspace       used 12305K, capacity 12510K, committed 12800K, reserved 1060864K
  class space    used 1343K, capacity 1431K, committed 1536K, reserved 1048576K
Event: 0.767 GC heap after
Heap after GC invocations=3 (full 0):
 PSYoungGen      total 38400K, used 5097K [0x00000000d5f00000, 0x00000000d8980000, 0x0000000100000000)
  eden space 33280K, 0% used [0x00000000d5f00000,0x00000000d5f00000,0x00000000d7f80000)
  from space 5120K, 99% used [0x00000000d7f80000,0x00000000d847a710,0x00000000d8480000)
  to   space 5120K, 0% used [0x00000000d8480000,0x00000000d8480000,0x00000000d8980000)
 ParOldGen       total 87552K, used 19200K [0x0000000081c00000, 0x0000000087180000, 0x00000000d5f00000)
  object space 87552K, 21% used [0x0000000081c00000,0x0000000082ec00a0,0x0000000087180000)
 Metaspace       used 12305K, capacity 12510K, committed 12800K, reserved 1060864K
  class space    used 1343K, capacity 1431K, committed 1536K, reserved 1048576K
}

Deoptimization events (10 events):
Event: 0.633 Thread 0x000000001a4a1000 Uncommon trap: reason=unstable_if action=reinterpret pc=0x000000000324c798 method=com.google.javascript.jscomp.parsing.JsDocTokenStream.addToString(I)V @ 11
Event: 0.634 Thread 0x000000001a4a1000 Uncommon trap: reason=unstable_if action=reinterpret pc=0x00000000031d4358 method=com.google.javascript.jscomp.parsing.JsDocTokenStream.addToString(I)V @ 11
Event: 0.640 Thread 0x000000001a4a1000 Uncommon trap: reason=unstable_if action=reinterpret pc=0x00000000031d97e4 method=com.google.javascript.jscomp.parsing.JsDocTokenStream.isAlpha(I)Z @ 9
Event: 0.727 Thread 0x000000001a4a1000 Uncommon trap: reason=unstable_if action=reinterpret pc=0x0000000003391610 method=com.google.javascript.jscomp.parsing.JsDocTokenStream.getChar()I @ 170
Event: 0.727 Thread 0x000000001a4a1000 Uncommon trap: reason=unstable_if action=reinterpret pc=0x0000000002fa5640 method=java.lang.CharacterData.of(I)Ljava/lang/CharacterData; @ 4
Event: 0.728 Thread 0x000000001a4a1000 Uncommon trap: reason=unstable_if action=reinterpret pc=0x00000000031d6ae8 method=com.google.javascript.rhino.TokenUtil.isJSSpace(I)Z @ 3
Event: 0.742 Thread 0x000000001a4a1000 Uncommon trap: reason=unstable_if action=reinterpret pc=0x00000000033b0228 method=com.google.javascript.rhino.Node.isReturn()Z @ 7
Event: 0.743 Thread 0x000000001a4a1000 Uncommon trap: reason=unstable_if action=reinterpret pc=0x00000000033a50fc method=com.google.javascript.rhino.Node.isReturn()Z @ 7
Event: 0.744 Thread 0x000000001a4a1000 Uncommon trap: reason=unstable_if action=reinterpret pc=0x00000000031d4f30 method=com.google.javascript.jscomp.parsing.JsDocTokenStream.getChar()I @ 170
Event: 0.745 Thread 0x000000001a4a1000 Uncommon trap: reason=unstable_if action=reinterpret pc=0x00000000031d6588 method=com.google.javascript.rhino.TokenUtil.isJSSpace(I)Z @ 3

Classes redefined (0 events):
No events

Internal exceptions (10 events):
Event: 0.113 Thread 0x0000000002d36800 Exception <a 'java/lang/ArrayIndexOutOfBoundsException': 40> (0x00000000d6268e60) thrown at [C:\re\workspace\8-2-build-windows-amd64-cygwin\jdk8u231\13620\hotspot\src\share\vm\interpreter\interpreterRuntime.cpp, line 368]
Event: 0.187 Thread 0x0000000002d36800 Exception <a 'java/lang/ArrayIndexOutOfBoundsException'> (0x00000000d66149c8) thrown at [C:\re\workspace\8-2-build-windows-amd64-cygwin\jdk8u231\13620\hotspot\src\share\vm\runtime\sharedRuntime.cpp, line 605]
Event: 0.239 Thread 0x0000000002d36800 Exception <a 'java/security/PrivilegedActionException'> (0x00000000d69e8ed8) thrown at [C:\re\workspace\8-2-build-windows-amd64-cygwin\jdk8u231\13620\hotspot\src\share\vm\prims\jvm.cpp, line 1502]
Event: 0.239 Thread 0x0000000002d36800 Exception <a 'java/security/PrivilegedActionException'> (0x00000000d69e90e8) thrown at [C:\re\workspace\8-2-build-windows-amd64-cygwin\jdk8u231\13620\hotspot\src\share\vm\prims\jvm.cpp, line 1502]
Event: 0.239 Thread 0x0000000002d36800 Exception <a 'java/security/PrivilegedActionException'> (0x00000000d69ed1e0) thrown at [C:\re\workspace\8-2-build-windows-amd64-cygwin\jdk8u231\13620\hotspot\src\share\vm\prims\jvm.cpp, line 1502]
Event: 0.239 Thread 0x0000000002d36800 Exception <a 'java/security/PrivilegedActionException'> (0x00000000d69ed3f0) thrown at [C:\re\workspace\8-2-build-windows-amd64-cygwin\jdk8u231\13620\hotspot\src\share\vm\prims\jvm.cpp, line 1502]
Event: 0.304 Thread 0x0000000002d36800 Exception <a 'java/lang/NoSuchFieldError': method resolution failed> (0x00000000d6d46f18) thrown at [C:\re\workspace\8-2-build-windows-amd64-cygwin\jdk8u231\13620\hotspot\src\share\vm\prims\methodHandles.cpp, line 1167]
Event: 0.304 Thread 0x0000000002d36800 Exception <a 'java/lang/NoSuchFieldError': method resolution failed> (0x00000000d6d54238) thrown at [C:\re\workspace\8-2-build-windows-amd64-cygwin\jdk8u231\13620\hotspot\src\share\vm\prims\methodHandles.cpp, line 1167]
Event: 0.316 Thread 0x0000000002d36800 Exception <a 'java/lang/NoSuchMethodError': java.lang.Object.lambda$comparingInt$7b0bb60$1(Ljava/util/function/ToIntFunction;Ljava/lang/Object;Ljava/lang/Object;)I> (0x00000000d6deb5f0) thrown at [C:\re\workspace\8-2-build-windows-amd64-cygwin\jdk8u231\13
Event: 0.318 Thread 0x0000000002d36800 Exception <a 'java/lang/NoSuchMethodError': java.lang.Object.lambda$thenComparing$36697e65$1(Ljava/util/Comparator;Ljava/lang/Object;Ljava/lang/Object;)I> (0x00000000d6e047e8) thrown at [C:\re\workspace\8-2-build-windows-amd64-cygwin\jdk8u231\13620\hotspo

Events (10 events):
Event: 0.743 Thread 0x000000001a4a1000 DEOPT PACKING pc=0x00000000033a50fc sp=0x000000001eacef20
Event: 0.743 Thread 0x000000001a4a1000 DEOPT UNPACKING pc=0x0000000002e8583b sp=0x000000001eacee60 mode 2
Event: 0.744 Thread 0x000000001a4a1000 Uncommon trap: trap_request=0xffffff65 fr.pc=0x00000000031d4f30
Event: 0.744 Thread 0x000000001a4a1000 DEOPT PACKING pc=0x00000000031d4f30 sp=0x000000001eace5a0
Event: 0.744 Thread 0x000000001a4a1000 DEOPT UNPACKING pc=0x0000000002e8583b sp=0x000000001eace540 mode 2
Event: 0.745 Thread 0x000000001a4a1000 Uncommon trap: trap_request=0xffffff65 fr.pc=0x00000000031d6588
Event: 0.745 Thread 0x000000001a4a1000 DEOPT PACKING pc=0x00000000031d6588 sp=0x000000001eace570
Event: 0.745 Thread 0x000000001a4a1000 DEOPT UNPACKING pc=0x0000000002e8583b sp=0x000000001eace508 mode 2
Event: 0.758 Executing VM operation: ParallelGCFailedAllocation
Event: 0.767 Executing VM operation: ParallelGCFailedAllocation done


Dynamic libraries:
0x00007ff7744f0000 - 0x00007ff774527000 	D:\Program Files\Java\jdk1.8.0_231\bin\java.exe
0x00007ffc82540000 - 0x00007ffc8272d000 	C:\WINDOWS\SYSTEM32\ntdll.dll
0x00007ffc82280000 - 0x00007ffc82333000 	C:\WINDOWS\System32\KERNEL32.DLL
0x00007ffc7e800000 - 0x00007ffc7ea93000 	C:\WINDOWS\System32\KERNELBASE.dll
0x00007ffc811f0000 - 0x00007ffc81293000 	C:\WINDOWS\System32\ADVAPI32.dll
0x00007ffc82360000 - 0x00007ffc823fe000 	C:\WINDOWS\System32\msvcrt.dll
0x00007ffc7f7d0000 - 0x00007ffc7f86e000 	C:\WINDOWS\System32\sechost.dll
0x00007ffc81690000 - 0x00007ffc817b2000 	C:\WINDOWS\System32\RPCRT4.dll
0x00007ffc81f80000 - 0x00007ffc82117000 	C:\WINDOWS\System32\USER32.dll
0x00007ffc7ebd0000 - 0x00007ffc7ebf0000 	C:\WINDOWS\System32\win32u.dll
0x00007ffc7f760000 - 0x00007ffc7f789000 	C:\WINDOWS\System32\GDI32.dll
0x00007ffc7ec50000 - 0x00007ffc7ede9000 	C:\WINDOWS\System32\gdi32full.dll
0x00007ffc7f570000 - 0x00007ffc7f610000 	C:\WINDOWS\System32\msvcp_win.dll
0x00007ffc7f660000 - 0x00007ffc7f75a000 	C:\WINDOWS\System32\ucrtbase.dll
0x00007ffc6b890000 - 0x00007ffc6bb09000 	C:\WINDOWS\WinSxS\amd64_microsoft.windows.common-controls_6595b64144ccf1df_6.0.17763.864_none_05b3441807210760\COMCTL32.dll
0x00007ffc81360000 - 0x00007ffc8168c000 	C:\WINDOWS\System32\combase.dll
0x00007ffc7eaa0000 - 0x00007ffc7eb1e000 	C:\WINDOWS\System32\bcryptPrimitives.dll
0x00007ffc7f7a0000 - 0x00007ffc7f7ce000 	C:\WINDOWS\System32\IMM32.DLL
0x0000000062e20000 - 0x0000000062ef2000 	D:\Program Files\Java\jdk1.8.0_231\jre\bin\msvcr100.dll
0x0000000062570000 - 0x0000000062e16000 	D:\Program Files\Java\jdk1.8.0_231\jre\bin\server\jvm.dll
0x00007ffc7f790000 - 0x00007ffc7f798000 	C:\WINDOWS\System32\PSAPI.DLL
0x00007ffc7dbd0000 - 0x00007ffc7dbda000 	C:\WINDOWS\SYSTEM32\VERSION.dll
0x00007ffc7dfe0000 - 0x00007ffc7dfe9000 	C:\WINDOWS\SYSTEM32\WSOCK32.dll
0x00007ffc7a6d0000 - 0x00007ffc7a6f4000 	C:\WINDOWS\SYSTEM32\WINMM.dll
0x00007ffc7f870000 - 0x00007ffc7f8dd000 	C:\WINDOWS\System32\WS2_32.dll
0x00007ffc7a6a0000 - 0x00007ffc7a6cd000 	C:\WINDOWS\SYSTEM32\winmmbase.dll
0x00007ffc7f610000 - 0x00007ffc7f65a000 	C:\WINDOWS\System32\cfgmgr32.dll
0x00007ffc7dfd0000 - 0x00007ffc7dfdf000 	D:\Program Files\Java\jdk1.8.0_231\jre\bin\verify.dll
0x00007ffc7a750000 - 0x00007ffc7a779000 	D:\Program Files\Java\jdk1.8.0_231\jre\bin\java.dll
0x00007ffc794c0000 - 0x00007ffc794d6000 	D:\Program Files\Java\jdk1.8.0_231\jre\bin\zip.dll
0x00007ffc7fb40000 - 0x00007ffc81034000 	C:\WINDOWS\System32\SHELL32.dll
0x00007ffc82400000 - 0x00007ffc824a8000 	C:\WINDOWS\System32\shcore.dll
0x00007ffc7ee20000 - 0x00007ffc7f56d000 	C:\WINDOWS\System32\windows.storage.dll
0x00007ffc7e530000 - 0x00007ffc7e554000 	C:\WINDOWS\System32\profapi.dll
0x00007ffc7e580000 - 0x00007ffc7e5dd000 	C:\WINDOWS\System32\powrprof.dll
0x00007ffc7fae0000 - 0x00007ffc7fb32000 	C:\WINDOWS\System32\shlwapi.dll
0x00007ffc7e560000 - 0x00007ffc7e571000 	C:\WINDOWS\System32\kernel.appcore.dll
0x00007ffc7e600000 - 0x00007ffc7e617000 	C:\WINDOWS\System32\cryptsp.dll

VM Arguments:
java_command: D:\OpenSource\skulpt\skulpt\node_modules\google-closure-compiler-java\compiler.jar --language_in=ECMASCRIPT_NEXT --language_out=ECMASCRIPT5_STRICT --source_map_include_content=true --jscomp_error=accessControls --jscomp_error=checkRegExp --jscomp_error=checkTypes --jscomp_error=checkVars --jscomp_error=invalidCasts --jscomp_error=missingProperties --jscomp_error=nonStandardJsDocs --jscomp_error=strictModuleDepCheck --jscomp_error=undefinedVars --jscomp_error=unknownDefines --jscomp_error=visibility --jscomp_off=fileoverviewTags --jscomp_off=deprecated --language_out=ECMASCRIPT_2015 --externs=D:\OpenSource\skulpt\skulpt\node_modules\closure-webpack-plugin\src\standard-externs.js --externs=support/externs/sk.js --chunk=skulpt.min:1 --chunk_wrapper=skulpt.min:(function(){%s}).call(this || window) --error_format=JSON --json_streams=BOTH
java_class_path (initial): D:\OpenSource\skulpt\skulpt\node_modules\google-closure-compiler-java\compiler.jar
Launcher Type: SUN_STANDARD

Environment Variables:
JAVA_HOME=D:\Program Files\Java\jdk1.8.0_231
CLASSPATH=D:\Program Files\Java\jdk1.8.0_231\lib;D:\Program Files\Java\jdk1.8.0_231\lib\tools.jar
USERNAME=lenovo
OS=Windows_NT
PROCESSOR_IDENTIFIER=Intel64 Family 6 Model 158 Stepping 10, GenuineIntel



---------------  S Y S T E M  ---------------

OS: Windows 10.0 , 64 bit Build 17763 (10.0.17763.475)

CPU:total 6 (initial active 6) (6 cores per cpu, 1 threads per core) family 6 model 158 stepping 10, cmov, cx8, fxsr, mmx, sse, sse2, sse3, ssse3, sse4.1, sse4.2, popcnt, avx, avx2, aes, clmul, erms, 3dnowpref, lzcnt, tsc, tscinvbit, bmi1, bmi2, adx

Memory: 4k page, physical 8268576k(696360k free), swap 21185028k(5124k free)

vm_info: Java HotSpot(TM) 64-Bit Server VM (25.231-b11) for windows-amd64 JRE (1.8.0_231-b11), built on Oct  5 2019 03:11:30 by "java_re" with MS VC++ 10.0 (VS2010)

time: Thu Dec 05 11:27:28 2019
timezone: 中国标准时间
elapsed time: 0 seconds (0d 0h 0m 0s)

